Epoch 1, loss 0.649023371965509
	Saved ./examples/output/cat\epoch_00001.png
Epoch 2, loss 0.6208669957035018
Epoch 3, loss 0.5785391329192267
Epoch 4, loss 0.5348885657440006
Epoch 5, loss 0.5001055811594377
Epoch 6, loss 0.476612304947907
Epoch 7, loss 0.45587351850656455
Epoch 8, loss 0.43478287065782106
Epoch 9, loss 0.41407538810530603
Epoch 10, loss 0.3919407213823696
Epoch 11, loss 0.3710255110322849
Epoch 12, loss 0.353260230869733
Epoch 13, loss 0.33764070335460616
Epoch 14, loss 0.3219441701727338
Epoch 15, loss 0.30428746065478396
Epoch 16, loss 0.28872572967130605
Epoch 17, loss 0.2748843429768636
Epoch 18, loss 0.262216799949891
Epoch 19, loss 0.25163848190164007
Epoch 20, loss 0.23971568287046702
Epoch 21, loss 0.22836847884174855
Epoch 22, loss 0.21886237973960368
Epoch 23, loss 0.20975316255068266
Epoch 24, loss 0.20209738824851398
Epoch 25, loss 0.19518747015814966
Epoch 26, loss 0.18935928425319754
Epoch 27, loss 0.18393488245244316
Epoch 28, loss 0.17851357005884527
Epoch 29, loss 0.17373920812324972
Epoch 30, loss 0.16903773015756224
Epoch 31, loss 0.16484659708043564
Epoch 32, loss 0.1609288880080852
Epoch 33, loss 0.15704078539556682
Epoch 34, loss 0.1530828135978493
Epoch 35, loss 0.14985455293035155
Epoch 36, loss 0.14743857292541146
Epoch 37, loss 0.14552087031418184
Epoch 38, loss 0.1428738997976899
Epoch 39, loss 0.14010029472362773
Epoch 40, loss 0.1379586074760589
Epoch 41, loss 0.13631953302822047
Epoch 42, loss 0.13463590235516312
Epoch 43, loss 0.13311364496459682
Epoch 44, loss 0.13172160173732542
Epoch 45, loss 0.13004637734620905
Epoch 46, loss 0.12866681998003357
Epoch 47, loss 0.12739509255936868
Epoch 48, loss 0.12600119066884674
Epoch 49, loss 0.12471578207557302
Epoch 50, loss 0.12364345764442485
	Saved ./examples/output/cat\epoch_00050.png
Epoch 51, loss 0.12247601312372675
Epoch 52, loss 0.12146997861156385
Epoch 53, loss 0.12101983169338397
Epoch 54, loss 0.12032085087265709
Epoch 55, loss 0.11971606652852099
Epoch 56, loss 0.11915588631613097
Epoch 57, loss 0.11824721927234622
Epoch 58, loss 0.11771236826335152
Epoch 59, loss 0.1171596149309059
Epoch 60, loss 0.11662669412434695
Epoch 61, loss 0.11607513199935135
Epoch 62, loss 0.11544664271955644
Epoch 63, loss 0.11491061949897875
Epoch 64, loss 0.1145343907556401
Epoch 65, loss 0.11389910913194404
Epoch 66, loss 0.11330219659863877
Epoch 67, loss 0.11283971032340367
Epoch 68, loss 0.11246043324603527
Epoch 69, loss 0.11185834050571447
Epoch 70, loss 0.11144174206042995
Epoch 71, loss 0.11083201161426273
Epoch 72, loss 0.11040769090723394
Epoch 73, loss 0.10952240937324229
Epoch 74, loss 0.10923340329551143
Epoch 75, loss 0.10865094422564783
Epoch 76, loss 0.10848396306367916
Epoch 77, loss 0.10770548728899992
Epoch 78, loss 0.1072299140893412
Epoch 79, loss 0.10703188077988812
Epoch 80, loss 0.10631039767112074
Epoch 81, loss 0.10619808833546437
Epoch 82, loss 0.10601859707273073
Epoch 83, loss 0.10503601676100349
Epoch 84, loss 0.10479968152568392
Epoch 85, loss 0.1041259826954329
Epoch 86, loss 0.10450184277370252
Epoch 87, loss 0.10416896260597636
Epoch 88, loss 0.10402571378425271
Epoch 89, loss 0.10289317236962825
Epoch 90, loss 0.10304013077439922
Epoch 91, loss 0.10281700654739154
Epoch 92, loss 0.10218107467287163
Epoch 93, loss 0.10220689837498426
Epoch 94, loss 0.10181600001738886
Epoch 95, loss 0.10141906745875887
Epoch 96, loss 0.10145901673390903
Epoch 97, loss 0.10083962272242103
Epoch 98, loss 0.100477497256482
Epoch 99, loss 0.10049049569115279
Epoch 100, loss 0.10045557355434627
	Saved ./examples/output/cat\epoch_00100.png
Epoch 101, loss 0.10014379906113942
Epoch 102, loss 0.10006099586720357
Epoch 103, loss 0.10005644720892261
Epoch 104, loss 0.09912349951213752
Epoch 105, loss 0.09913108366402812
Epoch 106, loss 0.09931156801188532
Epoch 107, loss 0.09880979734577885
Epoch 108, loss 0.0985054453529774
Epoch 109, loss 0.09871733366167115
Epoch 110, loss 0.09786768000081275
Epoch 111, loss 0.09820949152709266
Epoch 112, loss 0.09811214318183072
Epoch 113, loss 0.09795448420551153
Epoch 114, loss 0.09759636962758601
Epoch 115, loss 0.09762867529520841
Epoch 116, loss 0.09721615279037703
Epoch 117, loss 0.09720876702354804
Epoch 118, loss 0.09687808578646612
Epoch 119, loss 0.09659354383405339
Epoch 120, loss 0.0963698517295626
Epoch 121, loss 0.09632952659321567
Epoch 122, loss 0.09613485423668548
Epoch 123, loss 0.09636803739289805
Epoch 124, loss 0.09652661495419151
Epoch 125, loss 0.09609692797795705
Epoch 126, loss 0.09614751991034626
Epoch 127, loss 0.09550101867291177
Epoch 128, loss 0.09539485771349471
Epoch 129, loss 0.09568139985031239
Epoch 130, loss 0.09545989983852343
Epoch 131, loss 0.0950573797146593
Epoch 132, loss 0.09505855580795868
Epoch 133, loss 0.09494615901786385
Epoch 134, loss 0.09476792637143387
Epoch 135, loss 0.09453919239176983
Epoch 136, loss 0.09462778741722055
Epoch 137, loss 0.09430780948187914
Epoch 138, loss 0.09458483323959094
Epoch 139, loss 0.09423942192877109
Epoch 140, loss 0.09422749491667215
Epoch 141, loss 0.0934770588240392
Epoch 142, loss 0.09350929209969013
Epoch 143, loss 0.09357236094768198
Epoch 144, loss 0.09308781081530204
Epoch 145, loss 0.09338206751049716
Epoch 146, loss 0.09284496879016937
Epoch 147, loss 0.0925619717287038
Epoch 148, loss 0.09302715893455228
Epoch 149, loss 0.09290284662744112
Epoch 150, loss 0.09282903157298496
	Saved ./examples/output/cat\epoch_00150.png
Epoch 151, loss 0.09260238105804537
Epoch 152, loss 0.09264810384918158
Epoch 153, loss 0.09206322424546987
Epoch 154, loss 0.09201481432581043
Epoch 155, loss 0.09192807853675508
Epoch 156, loss 0.09204115542594164
Epoch 157, loss 0.09203987371792033
Epoch 158, loss 0.09204554040373436
Epoch 159, loss 0.09183189082490373
Epoch 160, loss 0.0915459959413744
Epoch 161, loss 0.09140371159380142
Epoch 162, loss 0.091276393407585
Epoch 163, loss 0.0914288933655302
Epoch 164, loss 0.09131407805541036
Epoch 165, loss 0.09122438797840042
Epoch 166, loss 0.0911009536261264
Epoch 167, loss 0.09142802116432311
Epoch 168, loss 0.09100263495049898
Epoch 169, loss 0.09098722391827486
Epoch 170, loss 0.0906687301678772
Epoch 171, loss 0.09051090471102351
Epoch 172, loss 0.0905240627779981
Epoch 173, loss 0.09046438664597675
Epoch 174, loss 0.0904234496465084
Epoch 175, loss 0.09000899189823974
Epoch 176, loss 0.08989747569298992
Epoch 177, loss 0.08994914403138034
Epoch 178, loss 0.08981865382052652
Epoch 179, loss 0.08996633616972215
Epoch 180, loss 0.0900637322066361
Epoch 181, loss 0.09016325891121453
Epoch 182, loss 0.09039478433219852
Epoch 183, loss 0.08959216281655559
Epoch 184, loss 0.08974594624375161
Epoch 185, loss 0.08961211767861271
Epoch 186, loss 0.08956543631792004
Epoch 187, loss 0.08938837481731586
Epoch 188, loss 0.08902952257430068
Epoch 189, loss 0.08909501885707619
Epoch 190, loss 0.08922793839279518
Epoch 191, loss 0.08907016852949362
Epoch 192, loss 0.08894877807037406
Epoch 193, loss 0.08917460901956725
Epoch 194, loss 0.08901633208526832
Epoch 195, loss 0.08852978699003
Epoch 196, loss 0.08876790368795118
Epoch 197, loss 0.08850749533558418
Epoch 198, loss 0.0883711686668384
Epoch 199, loss 0.088415065774581
Epoch 200, loss 0.0882343079238417
	Saved ./examples/output/cat\epoch_00200.png
Densifying...
	0 near-transparent kernels removed
	0 kernels cloned to densify under-reconstructed regions
	52 kernels split and scaled down to densify over-reconstructed regions
	Continuing with 652 kernels...
Epoch 201, loss 0.206298530374398
Epoch 202, loss 0.24274586327065475
Epoch 203, loss 0.20222567629904087
Epoch 204, loss 0.18926638673721102
Epoch 205, loss 0.1843702607451367
Epoch 206, loss 0.1739391223979784
Epoch 207, loss 0.1653875907753936
Epoch 208, loss 0.15844006123495255
Epoch 209, loss 0.15259529245129658
Epoch 210, loss 0.14723354911337105
Epoch 211, loss 0.14211147545694958
Epoch 212, loss 0.13722223034417316
Epoch 213, loss 0.1333430992986895
Epoch 214, loss 0.1301186760838282
Epoch 215, loss 0.12683795279633128
Epoch 216, loss 0.12456029608519566
Epoch 217, loss 0.12242669631647675
Epoch 218, loss 0.12049137874923199
Epoch 219, loss 0.11869988111037824
Epoch 220, loss 0.11639235959621153
Epoch 221, loss 0.11464121764982832
Epoch 222, loss 0.11370889168484566
Epoch 223, loss 0.11225303378411314
Epoch 224, loss 0.11115085019589496
Epoch 225, loss 0.10956687592734926
Epoch 226, loss 0.1084707264720316
Epoch 227, loss 0.1073150616472357
Epoch 228, loss 0.10615970097545185
Epoch 229, loss 0.10519696921011451
Epoch 230, loss 0.10422943398408088
Epoch 231, loss 0.10315299614684299
Epoch 232, loss 0.10232065037706248
Epoch 233, loss 0.10155742563785713
Epoch 234, loss 0.10088934750884353
Epoch 235, loss 0.10011074914004951
Epoch 236, loss 0.0991834191576321
Epoch 237, loss 0.09836989336436894
Epoch 238, loss 0.09781364153634728
Epoch 239, loss 0.09734242297878182
Epoch 240, loss 0.09640794590340654
Epoch 241, loss 0.09560175817701372
Epoch 242, loss 0.09511201842330945
Epoch 243, loss 0.09445643344137887
Epoch 244, loss 0.09441425308206786
Epoch 245, loss 0.0935902171726169
Epoch 246, loss 0.09347417223611774
Epoch 247, loss 0.09295314163271373
Epoch 248, loss 0.09255020593389988
Epoch 249, loss 0.09227790865208463
Epoch 250, loss 0.09194526868302957
	Saved ./examples/output/cat\epoch_00250.png
Epoch 251, loss 0.09154721283679973
Epoch 252, loss 0.09149260454165922
Epoch 253, loss 0.09089398159198982
Epoch 254, loss 0.09036784386872448
Epoch 255, loss 0.09023670093428521
Epoch 256, loss 0.08985037977350117
Epoch 257, loss 0.08937895997249057
Epoch 258, loss 0.08923282064500866
Epoch 259, loss 0.08915522326192389
Epoch 260, loss 0.08883296509188472
Epoch 261, loss 0.08815861368003958
Epoch 262, loss 0.08795225933794422
Epoch 263, loss 0.08787492726324875
Epoch 264, loss 0.08781480744714294
Epoch 265, loss 0.08728518697714813
Epoch 266, loss 0.08672798322840977
Epoch 267, loss 0.08670609946971827
Epoch 268, loss 0.08658823638515506
Epoch 269, loss 0.08620047100501213
Epoch 270, loss 0.0862156818679138
Epoch 271, loss 0.08580926343657297
Epoch 272, loss 0.08543574527871252
Epoch 273, loss 0.08580710767207043
Epoch 274, loss 0.08535761350345009
Epoch 275, loss 0.08511453090838132
Epoch 276, loss 0.0848700284839407
Epoch 277, loss 0.08451159682052416
Epoch 278, loss 0.08451821053048778
Epoch 279, loss 0.08414927722322478
Epoch 280, loss 0.08435816776396607
Epoch 281, loss 0.08393838269442468
Epoch 282, loss 0.0838848735481044
Epoch 283, loss 0.0839976120773403
Epoch 284, loss 0.0834185971981753
Epoch 285, loss 0.08380112618687018
Epoch 286, loss 0.08364727736433915
Epoch 287, loss 0.08305983598420782
Epoch 288, loss 0.08329254414615818
Epoch 289, loss 0.08302750028650592
Epoch 290, loss 0.08279572182033805
Epoch 291, loss 0.08262238949311637
Epoch 292, loss 0.08251323743263153
Epoch 293, loss 0.08209279035193498
Epoch 294, loss 0.08216037371557958
Epoch 295, loss 0.08211572591186464
Epoch 296, loss 0.08188239951002024
Epoch 297, loss 0.08209089106018612
Epoch 298, loss 0.08191786494303843
Epoch 299, loss 0.08161044084222188
Epoch 300, loss 0.08187130217481971
	Saved ./examples/output/cat\epoch_00300.png
Epoch 301, loss 0.08183434606027437
Epoch 302, loss 0.081577826982547
Epoch 303, loss 0.08123135953253648
Epoch 304, loss 0.08150940668952947
Epoch 305, loss 0.08103611744597483
Epoch 306, loss 0.08096801876016876
Epoch 307, loss 0.08119538994328723
Epoch 308, loss 0.08126465004858487
Epoch 309, loss 0.08086958104446561
Epoch 310, loss 0.0808174289524406
Epoch 311, loss 0.08031936728542752
Epoch 312, loss 0.08045056918241282
Epoch 313, loss 0.08057021097321129
Epoch 314, loss 0.08021570795079355
Epoch 315, loss 0.08001641609071802
Epoch 316, loss 0.080041870728722
Epoch 317, loss 0.08030374765134168
Epoch 318, loss 0.08009467924640642
Epoch 319, loss 0.07991847577444264
Epoch 320, loss 0.07986014895488527
Epoch 321, loss 0.07996380458103036
Epoch 322, loss 0.07985949351056286
Epoch 323, loss 0.07971051238722278
Epoch 324, loss 0.07942228622134244
Epoch 325, loss 0.07930622566341755
Epoch 326, loss 0.07940360557173429
Epoch 327, loss 0.07910291669982389
Epoch 328, loss 0.07917843855674844
Epoch 329, loss 0.07909719633853451
Epoch 330, loss 0.07918660200636632
Epoch 331, loss 0.07891368322901292
Epoch 332, loss 0.07893885709010837
Epoch 333, loss 0.07884801847090542
Epoch 334, loss 0.0787046153647427
Epoch 335, loss 0.07889683629558622
Epoch 336, loss 0.07889075867379558
Epoch 337, loss 0.0785407440034667
Epoch 338, loss 0.07877101408292772
Epoch 339, loss 0.07842115916064701
Epoch 340, loss 0.07860133156075445
Epoch 341, loss 0.0786276628768877
Epoch 342, loss 0.07802753897325759
Epoch 343, loss 0.07814317939726226
Epoch 344, loss 0.07814910812095963
Epoch 345, loss 0.07809921487457934
Epoch 346, loss 0.07833540293391726
Epoch 347, loss 0.07831587380089002
Epoch 348, loss 0.07843987866087332
Epoch 349, loss 0.0779734032334885
Epoch 350, loss 0.07815552841792532
	Saved ./examples/output/cat\epoch_00350.png
Epoch 351, loss 0.07819842115234371
Epoch 352, loss 0.07788094915495695
Epoch 353, loss 0.0779762717729986
Epoch 354, loss 0.07818246380200204
Epoch 355, loss 0.07797092431089368
Epoch 356, loss 0.07767413915621324
Epoch 357, loss 0.07765232317262533
Epoch 358, loss 0.07773362007763301
Epoch 359, loss 0.07741466767248963
Epoch 360, loss 0.07755496355973454
Epoch 361, loss 0.07768405627139717
Epoch 362, loss 0.07757532781529526
Epoch 363, loss 0.07734286519432025
Epoch 364, loss 0.07737354463022367
Epoch 365, loss 0.0773610628355513
Epoch 366, loss 0.07744929395295364
Epoch 367, loss 0.0773686827932058
Epoch 368, loss 0.07751761068063355
Epoch 369, loss 0.07737009470887608
Epoch 370, loss 0.07721410899769446
Epoch 371, loss 0.07709027948130832
Epoch 372, loss 0.07692593990624368
Epoch 373, loss 0.07713193616164243
Epoch 374, loss 0.07712571143258322
Epoch 375, loss 0.07703958095562528
Epoch 376, loss 0.07706836586467958
Epoch 377, loss 0.07694481728566695
Epoch 378, loss 0.07686690361049044
Epoch 379, loss 0.07691286632475539
Epoch 380, loss 0.07704850891129056
Epoch 381, loss 0.07709675344999395
Epoch 382, loss 0.07691137572868184
Epoch 383, loss 0.07673763506059238
Epoch 384, loss 0.07665693902765607
Epoch 385, loss 0.07674418266870342
Epoch 386, loss 0.07650466899435575
Epoch 387, loss 0.07680899117568463
Epoch 388, loss 0.07666023146076612
Epoch 389, loss 0.07646928794256662
Epoch 390, loss 0.07657426200272793
Epoch 391, loss 0.07660493892427607
Epoch 392, loss 0.07691317838399617
Epoch 393, loss 0.07694617855193948
Epoch 394, loss 0.076601386669372
Epoch 395, loss 0.07649069732140365
Epoch 396, loss 0.07662388574385307
Epoch 397, loss 0.07649873629544088
Epoch 398, loss 0.07668822774354217
Epoch 399, loss 0.07688639073464605
Epoch 400, loss 0.07665541228976178
	Saved ./examples/output/cat\epoch_00400.png
Densifying...
	0 near-transparent kernels removed
	0 kernels cloned to densify under-reconstructed regions
	63 kernels split and scaled down to densify over-reconstructed regions
	Continuing with 715 kernels...
Epoch 401, loss 0.21769313863066614
Epoch 402, loss 0.25674870253328175
Epoch 403, loss 0.2154428823352355
Epoch 404, loss 0.19737860441610094
Epoch 405, loss 0.18435920447548046
Epoch 406, loss 0.1758557469417484
Epoch 407, loss 0.16810617888194543
Epoch 408, loss 0.1615606963011908
Epoch 409, loss 0.15301725828782337
Epoch 410, loss 0.14631896932503233
Epoch 411, loss 0.14076400012495574
Epoch 412, loss 0.1364385770694248
Epoch 413, loss 0.13275912149250885
Epoch 414, loss 0.1297665912057288
Epoch 415, loss 0.12598084579382776
Epoch 416, loss 0.1221998411541381
Epoch 417, loss 0.11953297147018063
Epoch 418, loss 0.11750679811804902
Epoch 419, loss 0.11488613064681938
Epoch 420, loss 0.11225992677881799
Epoch 421, loss 0.10987476518316194
Epoch 422, loss 0.10803947390284685
Epoch 423, loss 0.10625506556406192
Epoch 424, loss 0.10420262832336827
Epoch 425, loss 0.1028482813802454
Epoch 426, loss 0.10151036083251566
Epoch 427, loss 0.10005721894506495
Epoch 428, loss 0.0990776208099228
Epoch 429, loss 0.09816626846197214
Epoch 430, loss 0.09705464508126835
Epoch 431, loss 0.096264499062721
Epoch 432, loss 0.09535784917459243
Epoch 433, loss 0.09444890408167982
Epoch 434, loss 0.09365964399245301
Epoch 435, loss 0.09325511729434108
Epoch 436, loss 0.09279092783853474
Epoch 437, loss 0.09205749237645806
Epoch 438, loss 0.09137508913412781
Epoch 439, loss 0.09089469484961091
Epoch 440, loss 0.0904866820149014
Epoch 441, loss 0.08969597741152528
Epoch 442, loss 0.08943909236874457
Epoch 443, loss 0.08876588666418483
Epoch 444, loss 0.08846610144113481
Epoch 445, loss 0.08811702475480565
Epoch 446, loss 0.0876408151557028
Epoch 447, loss 0.08754115146797342
Epoch 448, loss 0.08709832696746621
Epoch 449, loss 0.08684289697867464
Epoch 450, loss 0.08662932222342695
	Saved ./examples/output/cat\epoch_00450.png
Epoch 451, loss 0.08623180569604616
Epoch 452, loss 0.08586460219655598
Epoch 453, loss 0.0858455264187757
Epoch 454, loss 0.08579008215858239
Epoch 455, loss 0.08530439336715637
Epoch 456, loss 0.08484617413253392
Epoch 457, loss 0.08486908831466199
Epoch 458, loss 0.08468850912604599
Epoch 459, loss 0.08419141773585877
Epoch 460, loss 0.08416611139051837
Epoch 461, loss 0.08403591020214796
Epoch 462, loss 0.08383279961719688
Epoch 463, loss 0.08343321674399916
Epoch 464, loss 0.0832607682827491
Epoch 465, loss 0.08314536758694215
Epoch 466, loss 0.08302258250147969
Epoch 467, loss 0.08272446923559393
Epoch 468, loss 0.08275675820255377
Epoch 469, loss 0.08254892239871915
Epoch 470, loss 0.08244268605615665
Epoch 471, loss 0.08239739525861094
Epoch 472, loss 0.08216459748576758
Epoch 473, loss 0.08216203980499304
Epoch 474, loss 0.08170707695776663
Epoch 475, loss 0.08170597630359058
Epoch 476, loss 0.081747350988452
Epoch 477, loss 0.08142093446450041
Epoch 478, loss 0.08145483425158462
Epoch 479, loss 0.08180977917089123
Epoch 480, loss 0.08110759378862936
Epoch 481, loss 0.08192057816158896
Epoch 482, loss 0.08098629701930539
Epoch 483, loss 0.08109914753650266
Epoch 484, loss 0.08088795959520857
Epoch 485, loss 0.081285244553542
Epoch 486, loss 0.08089471704522788
Epoch 487, loss 0.08081322663586721
Epoch 488, loss 0.08084672234222724
Epoch 489, loss 0.08062726539048495
Epoch 490, loss 0.0804535609313346
Epoch 491, loss 0.08016168577173935
Epoch 492, loss 0.07986898324137252
Epoch 493, loss 0.07960891393062772
Epoch 494, loss 0.07947085874879119
Epoch 495, loss 0.07926073293724523
Epoch 496, loss 0.07946014314443456
Epoch 497, loss 0.07900753779800221
Epoch 498, loss 0.0790008580445122
Epoch 499, loss 0.0790195700423188
Epoch 500, loss 0.0788160728525755
	Saved ./examples/output/cat\epoch_00500.png
Epoch 501, loss 0.07896131495980102
Epoch 502, loss 0.07881293003226575
Epoch 503, loss 0.07884496534415912
Epoch 504, loss 0.07870707713269658
Epoch 505, loss 0.0784874691770831
Epoch 506, loss 0.07850194613001854
Epoch 507, loss 0.07808133229587093
Epoch 508, loss 0.07822712110562206
Epoch 509, loss 0.0784330043249718
Epoch 510, loss 0.07821164021429436
Epoch 511, loss 0.07785712889324274
Epoch 512, loss 0.07783253662255596
Epoch 513, loss 0.07789874530410015
Epoch 514, loss 0.07806101430413631
Epoch 515, loss 0.07818499405867917
Epoch 516, loss 0.07807132848165073
Epoch 517, loss 0.07771834342722761
Epoch 518, loss 0.077559952830723
Epoch 519, loss 0.07752767254806449
Epoch 520, loss 0.07759722459531068
Epoch 521, loss 0.07735822078322428
Epoch 522, loss 0.07748437320990899
Epoch 523, loss 0.07736060853603507
Epoch 524, loss 0.07756061167506643
Epoch 525, loss 0.0774150491549737
Epoch 526, loss 0.07744278629302812
Epoch 527, loss 0.07713830092348897
Epoch 528, loss 0.07719562193623555
Epoch 529, loss 0.07710514028183295
Epoch 530, loss 0.07730786502446699
Epoch 531, loss 0.07740356496933828
Epoch 532, loss 0.07721952117132821
Epoch 533, loss 0.07690238541814715
Epoch 534, loss 0.0768990254943959
Epoch 535, loss 0.07712949387172603
Epoch 536, loss 0.07719738058374347
Epoch 537, loss 0.07701426123223595
Epoch 538, loss 0.07706258048538231
Epoch 539, loss 0.07681525311497905
Epoch 540, loss 0.07692100854203213
Epoch 541, loss 0.07679211503626564
Epoch 542, loss 0.0769006214027386
Epoch 543, loss 0.07672501854930766
Epoch 544, loss 0.07681583989488473
Epoch 545, loss 0.07671342896296371
Epoch 546, loss 0.0764349284951127
Epoch 547, loss 0.07657330832259204
Epoch 548, loss 0.0764958982308153
Epoch 549, loss 0.0764477453179877
Epoch 550, loss 0.07647845956418135
	Saved ./examples/output/cat\epoch_00550.png
Epoch 551, loss 0.07630647138957186
Epoch 552, loss 0.07632451936792435
Epoch 553, loss 0.07625752968912208
Epoch 554, loss 0.07614571230538048
Epoch 555, loss 0.07615305911275758
Epoch 556, loss 0.07625408248929964
Epoch 557, loss 0.07621817214966085
Epoch 558, loss 0.07593254081306647
Epoch 559, loss 0.07586504797060437
Epoch 560, loss 0.07594564918353217
Epoch 561, loss 0.07579743581175413
Epoch 562, loss 0.07609325555568541
Epoch 563, loss 0.07604282713927407
Epoch 564, loss 0.07579136261747187
Epoch 565, loss 0.07623372118666041
Epoch 566, loss 0.07585530347818158
Epoch 567, loss 0.0761304890161757
Epoch 568, loss 0.07601159343802638
Epoch 569, loss 0.07566237227814994
Epoch 570, loss 0.07563797459324959
Epoch 571, loss 0.07577396224211207
Epoch 572, loss 0.07560057042667395
Epoch 573, loss 0.07552905415222241
Epoch 574, loss 0.07589029262067248
Epoch 575, loss 0.07564518549816535
Epoch 576, loss 0.07575495171536997
Epoch 577, loss 0.07587204803403001
Epoch 578, loss 0.07573024618292622
Epoch 579, loss 0.0761447197575145
Epoch 580, loss 0.07584812387994644
Epoch 581, loss 0.07545324717941149
Epoch 582, loss 0.07590523499382208
Epoch 583, loss 0.075986736963454
Epoch 584, loss 0.07564524846973901
Epoch 585, loss 0.07605013196672131
Epoch 586, loss 0.07547113006288245
Epoch 587, loss 0.07549241136169521
Epoch 588, loss 0.07574746218365794
Epoch 589, loss 0.07547221793540929
Epoch 590, loss 0.07586130317600719
Epoch 591, loss 0.07574783624402467
Epoch 592, loss 0.07555181921459407
Epoch 593, loss 0.0755801042509753
Epoch 594, loss 0.07528102266181481
Epoch 595, loss 0.07544095170611567
Epoch 596, loss 0.07530803436568587
Epoch 597, loss 0.07527480130579271
Epoch 598, loss 0.07542382939586079
Epoch 599, loss 0.07528334336206967
Epoch 600, loss 0.07527853430633746
	Saved ./examples/output/cat\epoch_00600.png
Densifying...
	0 near-transparent kernels removed
	0 kernels cloned to densify under-reconstructed regions
	42 kernels split and scaled down to densify over-reconstructed regions
	Continuing with 757 kernels...
Epoch 601, loss 0.1696143188466877
Epoch 602, loss 0.23271863990455993
Epoch 603, loss 0.19551410289278692
Epoch 604, loss 0.18030677875350148
Epoch 605, loss 0.17359662817281887
Epoch 606, loss 0.1634737225352256
Epoch 607, loss 0.15386182505790202
Epoch 608, loss 0.14703648559144394
Epoch 609, loss 0.14042045730945887
Epoch 610, loss 0.1360486383140187
Epoch 611, loss 0.13242580475365687
Epoch 612, loss 0.1285190106242665
Epoch 613, loss 0.1248848565321963
Epoch 614, loss 0.1215294767782146
Epoch 615, loss 0.1185242105260702
Epoch 616, loss 0.11585944195793693
Epoch 617, loss 0.1135563972876504
Epoch 618, loss 0.11124832980459542
Epoch 619, loss 0.10987457770091524
Epoch 620, loss 0.10756580197099241
Epoch 621, loss 0.10556534730727958
Epoch 622, loss 0.10438849378400807
Epoch 623, loss 0.10285655231203278
Epoch 624, loss 0.10154414714677225
Epoch 625, loss 0.09999309315721294
Epoch 626, loss 0.09847247420591862
Epoch 627, loss 0.09744397021713537
Epoch 628, loss 0.09684887649067644
Epoch 629, loss 0.09551668172826448
Epoch 630, loss 0.09498299579904307
Epoch 631, loss 0.09391017491832902
Epoch 632, loss 0.09318637270236092
Epoch 633, loss 0.09242732099947466
Epoch 634, loss 0.09174953344207096
Epoch 635, loss 0.0909893172890102
Epoch 636, loss 0.09028006442962411
Epoch 637, loss 0.08966825457731155
Epoch 638, loss 0.08903502939424295
Epoch 639, loss 0.0887116324995648
Epoch 640, loss 0.08826334022580118
Epoch 641, loss 0.08788378236251665
Epoch 642, loss 0.08716758751586076
Epoch 643, loss 0.08682604017591672
Epoch 644, loss 0.08632920048287544
Epoch 645, loss 0.08626090138174232
Epoch 646, loss 0.08594516377129083
Epoch 647, loss 0.08568748884169983
Epoch 648, loss 0.08521450568413959
Epoch 649, loss 0.08533215974309115
Epoch 650, loss 0.08459370435960277
	Saved ./examples/output/cat\epoch_00650.png
Epoch 651, loss 0.08420167101535647
Epoch 652, loss 0.08422240801715024
Epoch 653, loss 0.0837268666102275
Epoch 654, loss 0.08362083871645781
Epoch 655, loss 0.08333741120737131
Epoch 656, loss 0.08272908829754667
Epoch 657, loss 0.0828154828715719
Epoch 658, loss 0.08258417282560743
Epoch 659, loss 0.08239763513038341
Epoch 660, loss 0.08217994698846753
Epoch 661, loss 0.08197575058225093
Epoch 662, loss 0.08181683530529393
Epoch 663, loss 0.08194914850577525
Epoch 664, loss 0.08127687956507372
Epoch 665, loss 0.081482396906676
Epoch 666, loss 0.081350695350793
Epoch 667, loss 0.08117155773358843
Epoch 668, loss 0.08091256297320451
Epoch 669, loss 0.08075741049394838
Epoch 670, loss 0.08099710020222425
Epoch 671, loss 0.08052851551165044
Epoch 672, loss 0.08036634628928799
Epoch 673, loss 0.08000859412979483
Epoch 674, loss 0.08007013612062891
Epoch 675, loss 0.07976064502179857
Epoch 676, loss 0.07988265801636166
Epoch 677, loss 0.07977374131717262
Epoch 678, loss 0.07953227785863773
Epoch 679, loss 0.0794862692932866
Epoch 680, loss 0.07973291432849772
Epoch 681, loss 0.07905699685201614
Epoch 682, loss 0.07915901778801798
Epoch 683, loss 0.0789748149918938
Epoch 684, loss 0.07894001017433872
Epoch 685, loss 0.07870712985316851
Epoch 686, loss 0.07885054634732204
Epoch 687, loss 0.07849945391124495
Epoch 688, loss 0.07838948734247048
Epoch 689, loss 0.07826949401686431
Epoch 690, loss 0.07827415702052054
Epoch 691, loss 0.07824671294900246
Epoch 692, loss 0.07799985166796224
Epoch 693, loss 0.07830745433573624
Epoch 694, loss 0.07769055259252955
Epoch 695, loss 0.07774367920403885
Epoch 696, loss 0.07787838202362092
Epoch 697, loss 0.07722297663262058
Epoch 698, loss 0.07753096376384017
Epoch 699, loss 0.07736412492443358
Epoch 700, loss 0.07747067505097115
	Saved ./examples/output/cat\epoch_00700.png
Epoch 701, loss 0.077169713378372
Epoch 702, loss 0.0772969947144759
Epoch 703, loss 0.07702734279841554
Epoch 704, loss 0.07702810198995903
Epoch 705, loss 0.07684896806738843
Epoch 706, loss 0.0769341036872665
Epoch 707, loss 0.07675558504743307
Epoch 708, loss 0.07683823593125177
Epoch 709, loss 0.07674068257777183
Epoch 710, loss 0.07635803584369065
Epoch 711, loss 0.07631849801735331
Epoch 712, loss 0.07637179339826677
Epoch 713, loss 0.07625686139586298
Epoch 714, loss 0.07650196676602568
Epoch 715, loss 0.07654455942886602
Epoch 716, loss 0.07590586362481427
Epoch 717, loss 0.07619994337235525
Epoch 718, loss 0.07573964603061367
Epoch 719, loss 0.07580171938207945
Epoch 720, loss 0.07598573437374806
Epoch 721, loss 0.07578007550431183
Epoch 722, loss 0.0760974420297914
Epoch 723, loss 0.07592877289294418
Epoch 724, loss 0.07556329637185916
Epoch 725, loss 0.0760754188179099
Epoch 726, loss 0.07592997166496337
Epoch 727, loss 0.07604061648578996
Epoch 728, loss 0.07603663647802844
Epoch 729, loss 0.07575956173934836
Epoch 730, loss 0.07580510846652672
Epoch 731, loss 0.07571375356491952
Epoch 732, loss 0.07553285105234438
Epoch 733, loss 0.0752939277894785
Epoch 734, loss 0.0755793492899481
Epoch 735, loss 0.07527969730438462
Epoch 736, loss 0.07516909928576443
Epoch 737, loss 0.0752661568696565
Epoch 738, loss 0.0753325942314455
Epoch 739, loss 0.07515185810716588
Epoch 740, loss 0.07520299192954114
Epoch 741, loss 0.07537004364925101
Epoch 742, loss 0.07532473979176624
Epoch 743, loss 0.07513687316371505
Epoch 744, loss 0.07508726685355845
Epoch 745, loss 0.07531185155879477
Epoch 746, loss 0.07496423778312114
Epoch 747, loss 0.07520986551106768
Epoch 748, loss 0.0751804437492933
Epoch 749, loss 0.07487825308926127
Epoch 750, loss 0.0749252178122232
	Saved ./examples/output/cat\epoch_00750.png
Epoch 751, loss 0.07485538849498365
Epoch 752, loss 0.074811990586503
Epoch 753, loss 0.07486589379458486
Epoch 754, loss 0.07473338940138576
Epoch 755, loss 0.07484025693076976
Epoch 756, loss 0.07454560499701886
Epoch 757, loss 0.07437663306276084
Epoch 758, loss 0.07456267275314907
Epoch 759, loss 0.07478861352244254
Epoch 760, loss 0.07462240634432307
Epoch 761, loss 0.07455720649310074
Epoch 762, loss 0.07460584512592078
Epoch 763, loss 0.07470467979855226
Epoch 764, loss 0.07465666531670939
Epoch 765, loss 0.0747106400537362
Epoch 766, loss 0.07417830857751485
Epoch 767, loss 0.07425955045267957
Epoch 768, loss 0.07445759369491921
Epoch 769, loss 0.07447948357835375
Epoch 770, loss 0.07432416346518803
Epoch 771, loss 0.07442802537315021
Epoch 772, loss 0.07443054506171781
Epoch 773, loss 0.07458531657393933
Epoch 774, loss 0.07443872912280514
Epoch 775, loss 0.0743294993116056
Epoch 776, loss 0.07434791822294563
Epoch 777, loss 0.07431830760157748
Epoch 778, loss 0.07421248241769565
Epoch 779, loss 0.07413865038607378
Epoch 780, loss 0.07409914443994237
Epoch 781, loss 0.0739916232349315
Epoch 782, loss 0.07412605961409986
Epoch 783, loss 0.07413673296606298
Epoch 784, loss 0.07407889267348425
Epoch 785, loss 0.07395086972976703
Epoch 786, loss 0.07385650303694911
Epoch 787, loss 0.07372178011867676
Epoch 788, loss 0.0736261260474902
Epoch 789, loss 0.07378085329482023
Epoch 790, loss 0.0736135963505988
Epoch 791, loss 0.07367742782805832
Epoch 792, loss 0.07371014597693175
Epoch 793, loss 0.0736592679933046
Epoch 794, loss 0.07369699709543709
Epoch 795, loss 0.0733710917883372
Epoch 796, loss 0.07364348157371475
Epoch 797, loss 0.07333392908526247
Epoch 798, loss 0.07351032345424197
Epoch 799, loss 0.07343120218197073
	Saved ./examples/output/cat\epoch_00799.png
Training complete.
Done!
