Epoch 1, loss 0.5629588270845176
	Saved ./examples/output/buddy\epoch_00001.png
Epoch 2, loss 0.521305344184644
Epoch 3, loss 0.4754784889344701
Epoch 4, loss 0.43726412058222536
Epoch 5, loss 0.40200892490098644
Epoch 6, loss 0.37811195875104314
Epoch 7, loss 0.36055759749297867
Epoch 8, loss 0.3436015121975241
Epoch 9, loss 0.32276689246387125
Epoch 10, loss 0.30750281172131677
Epoch 11, loss 0.2924425103606608
Epoch 12, loss 0.2786119543727755
Epoch 13, loss 0.26628649985519603
Epoch 14, loss 0.2531552149945091
Epoch 15, loss 0.24210417377877222
Epoch 16, loss 0.23059963165718844
Epoch 17, loss 0.2198591720187986
Epoch 18, loss 0.21087558860383407
Epoch 19, loss 0.2033463798970624
Epoch 20, loss 0.19561817934870906
Epoch 21, loss 0.1878364095434913
Epoch 22, loss 0.18035989763459517
Epoch 23, loss 0.1735153719777344
Epoch 24, loss 0.1670710775986954
Epoch 25, loss 0.1609984514856901
Epoch 26, loss 0.1557632650703072
Epoch 27, loss 0.15214881977529715
Epoch 28, loss 0.14751495908954315
Epoch 29, loss 0.1426301689278064
Epoch 30, loss 0.1387364447381776
Epoch 31, loss 0.1349273605475904
Epoch 32, loss 0.13117346242852945
Epoch 33, loss 0.12921213892807903
Epoch 34, loss 0.12479572897054389
Epoch 35, loss 0.12279707796369017
Epoch 36, loss 0.12004339033854208
Epoch 37, loss 0.11757848235461762
Epoch 38, loss 0.11522848338196731
Epoch 39, loss 0.11332572142685268
Epoch 40, loss 0.11102836813664914
Epoch 41, loss 0.10944653992834308
Epoch 42, loss 0.10805466054529934
Epoch 43, loss 0.10588014181633815
Epoch 44, loss 0.10386694187352108
Epoch 45, loss 0.10292731266980143
Epoch 46, loss 0.10175431994824607
Epoch 47, loss 0.1004381835315665
Epoch 48, loss 0.09931429449653245
Epoch 49, loss 0.09858681919595289
Epoch 50, loss 0.09627913284539312
Epoch 51, loss 0.09645973960697554
Epoch 52, loss 0.09397688144953868
Epoch 53, loss 0.09296937629426508
Epoch 54, loss 0.09197769853444392
Epoch 55, loss 0.09144656197665516
Epoch 56, loss 0.09034718295312041
Epoch 57, loss 0.08888747811856275
Epoch 58, loss 0.0886261580546972
Epoch 59, loss 0.08794964576633663
Epoch 60, loss 0.08739566770216052
Epoch 61, loss 0.0856669414815809
Epoch 62, loss 0.08611129674990373
Epoch 63, loss 0.08482177001045443
Epoch 64, loss 0.08458893341843549
Epoch 65, loss 0.08406965346543134
Epoch 66, loss 0.08393741133065188
Epoch 67, loss 0.08258168748420225
Epoch 68, loss 0.08272208550143499
Epoch 69, loss 0.08290012825697435
Epoch 70, loss 0.08121857448535295
Epoch 71, loss 0.08108219963939337
Epoch 72, loss 0.08024398429274252
Epoch 73, loss 0.08043010330186487
Epoch 74, loss 0.07989610002590941
Epoch 75, loss 0.0789157926858658
Epoch 76, loss 0.07906365294993034
Epoch 77, loss 0.07891910531892318
Epoch 78, loss 0.07785980282257413
Epoch 79, loss 0.07793302811124225
Epoch 80, loss 0.07702282141103323
Epoch 81, loss 0.07631229828286938
Epoch 82, loss 0.07697220365979623
Epoch 83, loss 0.07578232559935019
Epoch 84, loss 0.07564495861468704
Epoch 85, loss 0.07589581213138447
Epoch 86, loss 0.07460348210620843
Epoch 87, loss 0.0752066512402962
Epoch 88, loss 0.07339977486094276
Epoch 89, loss 0.07425401861571646
Epoch 90, loss 0.07336857717612597
Epoch 91, loss 0.07360536152334765
Epoch 92, loss 0.07311374795166731
Epoch 93, loss 0.07341357975000502
Epoch 94, loss 0.07187545292810679
Epoch 95, loss 0.07250852014508882
Epoch 96, loss 0.07149731763794781
Epoch 97, loss 0.07238814298304724
Epoch 98, loss 0.07207447623946295
Epoch 99, loss 0.07185555389184245
Epoch 100, loss 0.07061262454631927
	Saved ./examples/output/buddy\epoch_00100.png
Epoch 101, loss 0.07109406801906391
Epoch 102, loss 0.07056801004707713
Epoch 103, loss 0.07091137604593548
Epoch 104, loss 0.06943193783086624
Epoch 105, loss 0.0702880105123141
Epoch 106, loss 0.06943813413256508
Epoch 107, loss 0.06933584982621646
Epoch 108, loss 0.06943064093788626
Epoch 109, loss 0.06941232328641922
Epoch 110, loss 0.06867624923293567
Epoch 111, loss 0.06948360933288711
Epoch 112, loss 0.06855208076548666
Epoch 113, loss 0.06866540966306356
Epoch 114, loss 0.06842088914384628
Epoch 115, loss 0.0679218658530759
Epoch 116, loss 0.06859850361201139
Epoch 117, loss 0.06764532252095773
Epoch 118, loss 0.06778412010794876
Epoch 119, loss 0.06721043492363354
Epoch 120, loss 0.0673867795292091
Epoch 121, loss 0.06755300029386577
Epoch 122, loss 0.0670790922737304
Epoch 123, loss 0.0671359634800687
Epoch 124, loss 0.06656611911431878
Epoch 125, loss 0.06729947843903006
Epoch 126, loss 0.06627285447849379
Epoch 127, loss 0.06656751336515088
Epoch 128, loss 0.0660534064807951
Epoch 129, loss 0.0666491184228531
Epoch 130, loss 0.06588918123408921
Epoch 131, loss 0.06698269357647174
Epoch 132, loss 0.06604265177560958
Epoch 133, loss 0.0659554050762497
Epoch 134, loss 0.06544422851180838
Epoch 135, loss 0.06556978143753153
Epoch 136, loss 0.06531229704724675
Epoch 137, loss 0.06530693550300103
Epoch 138, loss 0.06505592702815063
Epoch 139, loss 0.06506525220774258
Epoch 140, loss 0.06458722473375328
Epoch 141, loss 0.06464200139502399
Epoch 142, loss 0.06480936695973447
Epoch 143, loss 0.06481892125994623
Epoch 144, loss 0.06417545195773067
Epoch 145, loss 0.06398406834860382
Epoch 146, loss 0.0639598646908709
Epoch 147, loss 0.0644994875998901
Epoch 148, loss 0.06368226582457351
Epoch 149, loss 0.06373010923674902
Epoch 150, loss 0.06423431559787632
Epoch 151, loss 0.06329775572442414
Epoch 152, loss 0.0638160960879647
Epoch 153, loss 0.06279013963500832
Epoch 154, loss 0.06344074223490925
Epoch 155, loss 0.06321608450482885
Epoch 156, loss 0.06296267120248657
Epoch 157, loss 0.06396947436550263
Epoch 158, loss 0.06311229820734615
Epoch 159, loss 0.06411128835958171
Epoch 160, loss 0.06341513473595162
Epoch 161, loss 0.06351578231966991
Epoch 162, loss 0.06311237321856508
Epoch 163, loss 0.06340901334694354
Epoch 164, loss 0.06377041814393525
Epoch 165, loss 0.0636905215636405
Epoch 166, loss 0.06327326106743712
Epoch 167, loss 0.06294152318680316
Epoch 168, loss 0.06314059002206336
Epoch 169, loss 0.06204601058514393
Epoch 170, loss 0.06265477917610732
Epoch 171, loss 0.06201915931725782
Epoch 172, loss 0.06181474503901403
Epoch 173, loss 0.06253475947528915
Epoch 174, loss 0.06239487553381988
Epoch 175, loss 0.062368147108481514
Epoch 176, loss 0.062077034313506016
Epoch 177, loss 0.06228976695365543
Epoch 178, loss 0.0619882432541559
Epoch 179, loss 0.06192370326385373
Epoch 180, loss 0.061937994120732545
Epoch 181, loss 0.06084013398209556
Epoch 182, loss 0.0612965178039377
Epoch 183, loss 0.06079191771775254
Epoch 184, loss 0.060955140657036264
Epoch 185, loss 0.060870744237471255
Epoch 186, loss 0.06090910171177363
Epoch 187, loss 0.06065366268635994
Epoch 188, loss 0.06077576421477846
Epoch 189, loss 0.06024830397921208
Epoch 190, loss 0.05972522065113091
Epoch 191, loss 0.05959888925359806
Epoch 192, loss 0.06047414129759757
Epoch 193, loss 0.06009682735110798
Epoch 194, loss 0.06003523979111658
Epoch 195, loss 0.05953369518316634
Epoch 196, loss 0.05968219408407534
Epoch 197, loss 0.05952225757111396
Epoch 198, loss 0.06001523368811683
Epoch 199, loss 0.05990336482264703
Epoch 200, loss 0.05891950876261813
	Saved ./examples/output/buddy\epoch_00200.png
Epoch 201, loss 0.05984581150803957
Epoch 202, loss 0.05983579833810296
Epoch 203, loss 0.05966295607316871
Epoch 204, loss 0.059532804502343065
Epoch 205, loss 0.05929337014683088
Epoch 206, loss 0.05900653618765547
Epoch 207, loss 0.058591568667941005
Epoch 208, loss 0.05867544180480142
Epoch 209, loss 0.058835403996408756
Epoch 210, loss 0.05903677301113755
Epoch 211, loss 0.05837667008426903
Epoch 212, loss 0.05870731801613688
Epoch 213, loss 0.05774474801989765
Epoch 214, loss 0.05746471235777391
Epoch 215, loss 0.05813274979511668
Epoch 216, loss 0.0572469903142208
Epoch 217, loss 0.057540353967338725
Epoch 218, loss 0.05739241174322589
Epoch 219, loss 0.057265330925683824
Epoch 220, loss 0.0573157092814532
Epoch 221, loss 0.05685608824638713
Epoch 222, loss 0.05782425170149961
Epoch 223, loss 0.057901180627874665
Epoch 224, loss 0.056643552774874636
Epoch 225, loss 0.05715649614803077
Epoch 226, loss 0.057333382078916306
Epoch 227, loss 0.05690394379303185
Epoch 228, loss 0.05745409902165062
Epoch 229, loss 0.05671660728272507
Epoch 230, loss 0.05762749370094955
Epoch 231, loss 0.05678684878141553
Epoch 232, loss 0.05708209176809789
Epoch 233, loss 0.05695215318420942
Epoch 234, loss 0.056627382772775445
Epoch 235, loss 0.05750466623950448
Epoch 236, loss 0.05717826321004264
Epoch 237, loss 0.056268649794290054
Epoch 238, loss 0.056540840183658944
Epoch 239, loss 0.056503564331817614
Epoch 240, loss 0.05592762341733688
Epoch 241, loss 0.056469409935060846
Epoch 242, loss 0.056135773452551205
Epoch 243, loss 0.05602300527824744
Epoch 244, loss 0.05594406869805475
Epoch 245, loss 0.056605677930253354
Epoch 246, loss 0.055869708708627064
Epoch 247, loss 0.05630309238128445
Epoch 248, loss 0.05580075534203757
Epoch 249, loss 0.055831030077193186
Epoch 250, loss 0.056842052554215074
Epoch 251, loss 0.055831385865300176
Epoch 252, loss 0.05633480835144433
Epoch 253, loss 0.05515970101199828
Epoch 254, loss 0.05611603608780991
Epoch 255, loss 0.0557667211947248
Epoch 256, loss 0.05537856047733626
Epoch 257, loss 0.05569413875134835
Epoch 258, loss 0.05560872755312274
Epoch 259, loss 0.05582099381293669
Epoch 260, loss 0.055584504673917554
Epoch 261, loss 0.05543239229466014
Epoch 262, loss 0.055180818035287044
Epoch 263, loss 0.055491667466203105
Epoch 264, loss 0.055046222581169896
Epoch 265, loss 0.05506109046008943
Epoch 266, loss 0.05500726388639554
Epoch 267, loss 0.05535202905879692
Epoch 268, loss 0.05518547094706672
Epoch 269, loss 0.054624735165850286
Epoch 270, loss 0.055247126757766926
Epoch 271, loss 0.055216105988753796
Epoch 272, loss 0.05486721078244878
Epoch 273, loss 0.05512935521317805
Epoch 274, loss 0.05499749710051053
Epoch 275, loss 0.05516398620510088
Epoch 276, loss 0.055575238864764814
Epoch 277, loss 0.054981075897348644
Epoch 278, loss 0.054541916328418545
Epoch 279, loss 0.055404681068046385
Epoch 280, loss 0.054748415537567194
Epoch 281, loss 0.05463187712413287
Epoch 282, loss 0.05458598693402951
Epoch 283, loss 0.05457011595023488
Epoch 284, loss 0.054264329934809674
Epoch 285, loss 0.05464038363000728
Epoch 286, loss 0.054506347559804894
Epoch 287, loss 0.054358969958881995
Epoch 288, loss 0.05401214869927247
Epoch 289, loss 0.054793777618478146
Epoch 290, loss 0.054360869159640765
Epoch 291, loss 0.05464204597393656
Epoch 292, loss 0.05433580397832944
Epoch 293, loss 0.05449399733703065
Epoch 294, loss 0.05440428200599712
Epoch 295, loss 0.05470826751918606
Epoch 296, loss 0.05492199360579714
Epoch 297, loss 0.053604525884462614
Epoch 298, loss 0.05465181146283933
Epoch 299, loss 0.054479263965986825
Epoch 300, loss 0.053950905822798156
	Saved ./examples/output/buddy\epoch_00300.png
Densifying...
	11 near-transparent kernels removed
	0 kernels cloned to densify under-reconstructed regions
	750 kernels split and scaled down to densify over-reconstructed regions
	Continuing with 1739 kernels...
Epoch 301, loss 0.40147557279747365
Epoch 302, loss 0.33506194518063626
Epoch 303, loss 0.29508900384791714
Epoch 304, loss 0.27556824803277347
Epoch 305, loss 0.26003380529231
Epoch 306, loss 0.2456452806056786
Epoch 307, loss 0.23379963846411167
Epoch 308, loss 0.2245007211075911
Epoch 309, loss 0.21348142081685595
Epoch 310, loss 0.2024755017849148
Epoch 311, loss 0.19302561112589078
Epoch 312, loss 0.18807478627335694
Epoch 313, loss 0.18173449735975827
Epoch 314, loss 0.17645932008768334
Epoch 315, loss 0.1706368731428355
Epoch 316, loss 0.164623002003702
Epoch 317, loss 0.16030874137983117
Epoch 318, loss 0.15687709377550837
Epoch 319, loss 0.15266022363819765
Epoch 320, loss 0.1488098603377564
Epoch 321, loss 0.14483925016716329
Epoch 322, loss 0.14013240626980325
Epoch 323, loss 0.13730101023745123
Epoch 324, loss 0.13420422365101992
Epoch 325, loss 0.1310984983527561
Epoch 326, loss 0.1281505680993916
Epoch 327, loss 0.12534106216329027
Epoch 328, loss 0.12241270812266405
Epoch 329, loss 0.12019087063576159
Epoch 330, loss 0.11749639508188345
Epoch 331, loss 0.11619007608042486
Epoch 332, loss 0.11419039562283487
Epoch 333, loss 0.11207403891273646
Epoch 334, loss 0.11012083909934857
Epoch 335, loss 0.10842215597690026
Epoch 336, loss 0.10636768496414412
Epoch 337, loss 0.10434764306855793
Epoch 338, loss 0.10291898919327302
Epoch 339, loss 0.10149602651587841
Epoch 340, loss 0.10028611830192702
Epoch 341, loss 0.09849585020209484
Epoch 342, loss 0.0973234737498343
Epoch 343, loss 0.09657077280206641
Epoch 344, loss 0.09619686456486114
Epoch 345, loss 0.0946769488168884
Epoch 346, loss 0.0937907496417604
Epoch 347, loss 0.09273141192408232
Epoch 348, loss 0.09266212165099197
Epoch 349, loss 0.09146618127518365
Epoch 350, loss 0.09108105482485668
Epoch 351, loss 0.08873377925255868
Epoch 352, loss 0.08828905503486631
Epoch 353, loss 0.08839097601214443
Epoch 354, loss 0.08749887944126689
Epoch 355, loss 0.08648534164374162
Epoch 356, loss 0.08541033191026526
Epoch 357, loss 0.08452000143718956
Epoch 358, loss 0.0829882453136674
Epoch 359, loss 0.0828604977491215
Epoch 360, loss 0.08106392417025829
Epoch 361, loss 0.08083021017546943
Epoch 362, loss 0.08063684878576707
Epoch 363, loss 0.07899985949535243
Epoch 364, loss 0.08027582153300494
Epoch 365, loss 0.07822031377698756
Epoch 366, loss 0.07921942013098257
Epoch 367, loss 0.07711850730789555
Epoch 368, loss 0.07747719630640598
Epoch 369, loss 0.07646229957266587
Epoch 370, loss 0.07560639628724973
Epoch 371, loss 0.07565634793251035
Epoch 372, loss 0.07505617146116517
Epoch 373, loss 0.0749023056242773
Epoch 374, loss 0.07498666367050402
Epoch 375, loss 0.07476720351770214
Epoch 376, loss 0.07352899768332005
Epoch 377, loss 0.07511127239117084
Epoch 378, loss 0.0727307330417028
Epoch 379, loss 0.07311251728353957
Epoch 380, loss 0.07227788519159206
Epoch 381, loss 0.0723332730823397
Epoch 382, loss 0.07209678124371609
Epoch 383, loss 0.07176580037720075
Epoch 384, loss 0.07108068714456317
Epoch 385, loss 0.07057870669561761
Epoch 386, loss 0.07043318735994855
Epoch 387, loss 0.07001567764881017
Epoch 388, loss 0.07000326177205926
Epoch 389, loss 0.06952703887142969
Epoch 390, loss 0.06918111207684133
Epoch 391, loss 0.06815556951967959
Epoch 392, loss 0.0689862120057734
Epoch 393, loss 0.06855632481990806
Epoch 394, loss 0.06768187084084429
Epoch 395, loss 0.06753333878986864
Epoch 396, loss 0.06762355403477248
Epoch 397, loss 0.06744896982383657
Epoch 398, loss 0.06742436828496687
Epoch 399, loss 0.0669034077581832
Epoch 400, loss 0.067066740916535
	Saved ./examples/output/buddy\epoch_00400.png
Epoch 401, loss 0.06702248164027058
Epoch 402, loss 0.06710731210282445
Epoch 403, loss 0.0671156578454144
Epoch 404, loss 0.0671967096945583
Epoch 405, loss 0.06739031381254963
Epoch 406, loss 0.06714399940550007
Epoch 407, loss 0.06708637064511994
Epoch 408, loss 0.0666887356729221
Epoch 409, loss 0.06560980754768866
Epoch 410, loss 0.06618635888984173
Epoch 411, loss 0.06554554177257843
Epoch 412, loss 0.06511164893332919
Epoch 413, loss 0.0649000560673708
Epoch 414, loss 0.06455400379380835
Epoch 415, loss 0.06438228413396406
Epoch 416, loss 0.06416608290645326
Epoch 417, loss 0.06431169430956984
Epoch 418, loss 0.06331066912288479
Epoch 419, loss 0.06362331400908391
Epoch 420, loss 0.06282749166586454
Epoch 421, loss 0.06369963195337679
Epoch 422, loss 0.06389714409773957
Epoch 423, loss 0.06273353785549003
Epoch 424, loss 0.06330818901020277
Epoch 425, loss 0.06323661910607926
Epoch 426, loss 0.06246540619178043
Epoch 427, loss 0.06207885008412013
Epoch 428, loss 0.06238021282213134
Epoch 429, loss 0.06216361045909077
Epoch 430, loss 0.06294112107807524
Epoch 431, loss 0.06220467248720605
Epoch 432, loss 0.06255322385215698
Epoch 433, loss 0.06254950024818706
Epoch 434, loss 0.06207126885409553
Epoch 435, loss 0.06247708799038172
Epoch 436, loss 0.06212692850393568
Epoch 437, loss 0.06151058992615201
Epoch 438, loss 0.06257894432873842
Epoch 439, loss 0.06133918690076154
Epoch 440, loss 0.06093671072511231
Epoch 441, loss 0.06226431764193641
Epoch 442, loss 0.060994503212338236
Epoch 443, loss 0.061474818426643804
Epoch 444, loss 0.0612547680041651
Epoch 445, loss 0.06070684944492982
Epoch 446, loss 0.06093598581518756
Epoch 447, loss 0.06067628404533616
Epoch 448, loss 0.061098409787639224
Epoch 449, loss 0.06002619124563858
Epoch 450, loss 0.06008066245154553
Epoch 451, loss 0.05973160216017337
Epoch 452, loss 0.05981570604497674
Epoch 453, loss 0.05951572148569531
Epoch 454, loss 0.05893289667412334
Epoch 455, loss 0.059514449528979
Epoch 456, loss 0.060260001592890605
Epoch 457, loss 0.05908689850217292
Epoch 458, loss 0.059785674152245824
Epoch 459, loss 0.059072712327939536
Epoch 460, loss 0.059175991146641654
Epoch 461, loss 0.058932313312834446
Epoch 462, loss 0.05849747546514839
Epoch 463, loss 0.059316836065328345
Epoch 464, loss 0.05876170777961651
Epoch 465, loss 0.059134371972472705
Epoch 466, loss 0.059028630568794746
Epoch 467, loss 0.05859776785320213
Epoch 468, loss 0.05872096020979418
Epoch 469, loss 0.05825062453293006
Epoch 470, loss 0.05815196468181417
Epoch 471, loss 0.057806208140645035
Epoch 472, loss 0.05783584990464242
Epoch 473, loss 0.05769041123163299
Epoch 474, loss 0.05770253183653233
Epoch 475, loss 0.0575705648497894
Epoch 476, loss 0.05756944522969427
Epoch 477, loss 0.058464172076649036
Epoch 478, loss 0.05781534190199726
Epoch 479, loss 0.057485083217960226
Epoch 480, loss 0.0576331745735351
Epoch 481, loss 0.05770823101545071
Epoch 482, loss 0.05752379736037151
Epoch 483, loss 0.057462682661211434
Epoch 484, loss 0.057673394190804625
Epoch 485, loss 0.05802188494764635
Epoch 486, loss 0.056982665905436665
Epoch 487, loss 0.05792314713362554
Epoch 488, loss 0.0575473214604011
Epoch 489, loss 0.05715058956504602
Epoch 490, loss 0.05765667108136736
Epoch 491, loss 0.057496172655303754
Epoch 492, loss 0.05706284997168398
Epoch 493, loss 0.05682993301106436
Epoch 494, loss 0.05805806767844873
Epoch 495, loss 0.05721010098120599
Epoch 496, loss 0.056952817242113776
Epoch 497, loss 0.05719045443661888
Epoch 498, loss 0.05726284725974146
Epoch 499, loss 0.05664719961492151
Epoch 500, loss 0.057130433976201656
	Saved ./examples/output/buddy\epoch_00500.png
Epoch 501, loss 0.05639709912386173
Epoch 502, loss 0.05655649411377198
Epoch 503, loss 0.05635399015244022
Epoch 504, loss 0.05580027091447873
Epoch 505, loss 0.05634553616360674
Epoch 506, loss 0.05589722631748109
Epoch 507, loss 0.05645214226976787
Epoch 508, loss 0.055763452065999045
Epoch 509, loss 0.05648813516557528
Epoch 510, loss 0.05598286688184968
Epoch 511, loss 0.05588087662508172
Epoch 512, loss 0.0557164454726711
Epoch 513, loss 0.0566068573223002
Epoch 514, loss 0.05578494463722483
Epoch 515, loss 0.056027702388335765
Epoch 516, loss 0.05619307601887304
Epoch 517, loss 0.05536787672527041
Epoch 518, loss 0.05541335968030417
Epoch 519, loss 0.054988713503152556
Epoch 520, loss 0.05527996791414633
Epoch 521, loss 0.05490490331545775
Epoch 522, loss 0.055272394239234336
Epoch 523, loss 0.05477498652267252
Epoch 524, loss 0.055395829524930947
Epoch 525, loss 0.05545728787124475
Epoch 526, loss 0.05499273205281846
Epoch 527, loss 0.05563363411734083
Epoch 528, loss 0.05567730368163027
Epoch 529, loss 0.05542959005674684
Epoch 530, loss 0.055621522589587725
Epoch 531, loss 0.05488741690894422
Epoch 532, loss 0.05527548435323716
Epoch 533, loss 0.05512055044607562
Epoch 534, loss 0.05462227463866927
Epoch 535, loss 0.054867300843748454
Epoch 536, loss 0.05513851122625624
Epoch 537, loss 0.05417730345100401
Epoch 538, loss 0.05523118221061821
Epoch 539, loss 0.05459708112933144
Epoch 540, loss 0.05489943173169501
Epoch 541, loss 0.05478158939162964
Epoch 542, loss 0.055162689171820004
Epoch 543, loss 0.054178501162396836
Epoch 544, loss 0.05419509236075591
Epoch 545, loss 0.05459962855096718
Epoch 546, loss 0.05352091762737033
Epoch 547, loss 0.05405827525680415
Epoch 548, loss 0.053627365782354205
Epoch 549, loss 0.054681840749795416
Epoch 550, loss 0.05400875487632015
Epoch 551, loss 0.054278049826093355
Epoch 552, loss 0.05439155072512126
Epoch 553, loss 0.0538096642613278
Epoch 554, loss 0.05376239763634411
Epoch 555, loss 0.05490781505690545
Epoch 556, loss 0.05373179082581213
Epoch 557, loss 0.05400141035529308
Epoch 558, loss 0.05450685302945863
Epoch 559, loss 0.053645165557891714
Epoch 560, loss 0.05412609740080322
Epoch 561, loss 0.05350705499254245
Epoch 562, loss 0.053541893588991696
Epoch 563, loss 0.05406560057688703
Epoch 564, loss 0.054213572117205844
Epoch 565, loss 0.053854755327409534
Epoch 566, loss 0.05368293932196415
Epoch 567, loss 0.053440080883183985
Epoch 568, loss 0.05378779569252999
Epoch 569, loss 0.05433073920121688
Epoch 570, loss 0.0536091948290724
Epoch 571, loss 0.05367607318016587
Epoch 572, loss 0.0538261304479047
Epoch 573, loss 0.053411746589095185
Epoch 574, loss 0.0543995195532217
Epoch 575, loss 0.0534467884505339
Epoch 576, loss 0.05364035666078748
Epoch 577, loss 0.0536842847295242
Epoch 578, loss 0.053730066024636064
Epoch 579, loss 0.053416767927494654
Epoch 580, loss 0.053875495101596796
Epoch 581, loss 0.05290932636491416
Epoch 582, loss 0.05373514979598954
Epoch 583, loss 0.05334743161936034
Epoch 584, loss 0.05347029164435955
Epoch 585, loss 0.053374644887543746
Epoch 586, loss 0.05348407693503899
Epoch 587, loss 0.05349559108691272
Epoch 588, loss 0.05334844364824512
Epoch 589, loss 0.053126620149992046
Epoch 590, loss 0.05378193249658386
Epoch 591, loss 0.05413482943885044
Epoch 592, loss 0.05372221993297191
Epoch 593, loss 0.05338136467484617
Epoch 594, loss 0.05371051949120491
Epoch 595, loss 0.0532754791352581
Epoch 596, loss 0.0536992427655414
Epoch 597, loss 0.053191011861664306
Epoch 598, loss 0.053408420315154484
Epoch 599, loss 0.05316616323274684
Epoch 600, loss 0.05366054702949831
	Saved ./examples/output/buddy\epoch_00600.png
Densifying...
	23 near-transparent kernels removed
	0 kernels cloned to densify under-reconstructed regions
	1300 kernels split and scaled down to densify over-reconstructed regions
	Continuing with 3016 kernels...
Epoch 601, loss 0.40092153239260886
Epoch 602, loss 0.3310367758921996
Epoch 603, loss 0.29235881073291003
Epoch 604, loss 0.2711953738858066
Epoch 605, loss 0.2564343769595885
Epoch 606, loss 0.24049016050302577
Epoch 607, loss 0.22959884561827712
Epoch 608, loss 0.21812466842568892
Epoch 609, loss 0.2059539498941942
Epoch 610, loss 0.1987515416335835
Epoch 611, loss 0.19146344268309592
Epoch 612, loss 0.1837195621123618
Epoch 613, loss 0.17796734048842633
Epoch 614, loss 0.17117635597531955
Epoch 615, loss 0.16637595666346133
Epoch 616, loss 0.16085875857414467
Epoch 617, loss 0.15604866795382488
Epoch 618, loss 0.15210357016879356
Epoch 619, loss 0.14677116936403345
Epoch 620, loss 0.14182037307166612
Epoch 621, loss 0.1378069701150887
Epoch 622, loss 0.13433713419440205
Epoch 623, loss 0.13123337761487291
Epoch 624, loss 0.12804458965052928
Epoch 625, loss 0.12475563972458638
Epoch 626, loss 0.1230266142163651
Epoch 627, loss 0.12015513740255634
Epoch 628, loss 0.11793349581350851
Epoch 629, loss 0.11581197820174591
Epoch 630, loss 0.114323250342655
Epoch 631, loss 0.11146792204693347
Epoch 632, loss 0.10996946011957309
Epoch 633, loss 0.1074986217144065
Epoch 634, loss 0.10602090601491296
Epoch 635, loss 0.10459588586780891
Epoch 636, loss 0.10293936939950372
Epoch 637, loss 0.10096130382339463
Epoch 638, loss 0.09966594922713112
Epoch 639, loss 0.09798760754298691
Epoch 640, loss 0.09675412060154326
Epoch 641, loss 0.09531017138410594
Epoch 642, loss 0.09526858460401322
Epoch 643, loss 0.09325342969495679
Epoch 644, loss 0.0925749258348158
Epoch 645, loss 0.09189983081493813
Epoch 646, loss 0.09012657121222944
Epoch 647, loss 0.0882588503006641
Epoch 648, loss 0.08756062379206186
Epoch 649, loss 0.08605552465690591
Epoch 650, loss 0.085167815959621
Epoch 651, loss 0.08371605007325317
Epoch 652, loss 0.08300898067855073
Epoch 653, loss 0.08246885956165054
Epoch 654, loss 0.08097296604629092
Epoch 655, loss 0.08042011583662209
Epoch 656, loss 0.07995811522292254
Epoch 657, loss 0.07859693151077746
Epoch 658, loss 0.07838688646229647
Epoch 659, loss 0.0786462600403699
Epoch 660, loss 0.07688569358563344
Epoch 661, loss 0.07711577658769053
Epoch 662, loss 0.07636855894708364
Epoch 663, loss 0.07550204342317404
Epoch 664, loss 0.07529446986130878
Epoch 665, loss 0.07553185093040712
Epoch 666, loss 0.07453255611061299
Epoch 667, loss 0.07380666028309832
Epoch 668, loss 0.07453842357112603
Epoch 669, loss 0.07359192391483456
Epoch 670, loss 0.07335317094967225
Epoch 671, loss 0.07280072093625088
Epoch 672, loss 0.07326515330054204
Epoch 673, loss 0.07183076634319752
Epoch 674, loss 0.0719653853671654
Epoch 675, loss 0.07185445168132458
Epoch 676, loss 0.07076516477510951
Epoch 677, loss 0.0712032763591654
Epoch 678, loss 0.06997158762044073
Epoch 679, loss 0.07057733416275586
Epoch 680, loss 0.07064078684764655
Epoch 681, loss 0.07013285606538228
Epoch 682, loss 0.0695718946667148
Epoch 683, loss 0.06933180674052891
Epoch 684, loss 0.06948257145818222
Epoch 685, loss 0.0690167353916487
Epoch 686, loss 0.06881845662157618
Epoch 687, loss 0.06842493637218225
Epoch 688, loss 0.06817176358275662
Epoch 689, loss 0.0681162597484197
Epoch 690, loss 0.06816387360505605
Epoch 691, loss 0.06793962761852473
Epoch 692, loss 0.0674729654427704
Epoch 693, loss 0.06724965245487169
Epoch 694, loss 0.06668213687888475
Epoch 695, loss 0.06655091466867358
Epoch 696, loss 0.06629011634730103
Epoch 697, loss 0.06614582855505917
Epoch 698, loss 0.06544311581766221
Epoch 699, loss 0.06492569369742308
Epoch 700, loss 0.06501026370414253
	Saved ./examples/output/buddy\epoch_00700.png
Epoch 701, loss 0.0651312287745632
Epoch 702, loss 0.06503733358885931
Epoch 703, loss 0.06472551970556917
Epoch 704, loss 0.06420174393520439
Epoch 705, loss 0.06482681524506553
Epoch 706, loss 0.06429702990675648
Epoch 707, loss 0.06431337280840782
Epoch 708, loss 0.06502950010542782
Epoch 709, loss 0.06452023751379654
Epoch 710, loss 0.06455041509190851
Epoch 711, loss 0.06449220683595172
Epoch 712, loss 0.06392331772654014
Epoch 713, loss 0.06456131356501521
Epoch 714, loss 0.06346768939199524
Epoch 715, loss 0.06427565643270115
Epoch 716, loss 0.06362932210947865
Epoch 717, loss 0.06340914748731358
Epoch 718, loss 0.06417269716181793
Epoch 719, loss 0.06292330489166904
Epoch 720, loss 0.06351179711437537
Epoch 721, loss 0.06295027495765541
Epoch 722, loss 0.06324624253450473
Epoch 723, loss 0.06252812939984947
Epoch 724, loss 0.0628621866486935
Epoch 725, loss 0.06274456134515026
Epoch 726, loss 0.0627125883354156
Epoch 727, loss 0.062089867965107695
Epoch 728, loss 0.06282598982707217
Epoch 729, loss 0.06197444377984402
Epoch 730, loss 0.06192354757368797
Epoch 731, loss 0.061952573641846344
Epoch 732, loss 0.061820220650209264
Epoch 733, loss 0.06190306509438186
Epoch 734, loss 0.0610069573049231
Epoch 735, loss 0.06114126395301299
Epoch 736, loss 0.06138052378296067
Epoch 737, loss 0.06096416664810073
Epoch 738, loss 0.06131275517884336
Epoch 739, loss 0.06157556085821336
Epoch 740, loss 0.06157847484529068
Epoch 741, loss 0.060738916895057254
Epoch 742, loss 0.061491599950442496
Epoch 743, loss 0.06075738797123099
Epoch 744, loss 0.061372292324477426
Epoch 745, loss 0.05995698355736054
Epoch 746, loss 0.06084378257503538
Epoch 747, loss 0.0606649780922139
Epoch 748, loss 0.06061456432923966
Epoch 749, loss 0.060017332029309006
Epoch 750, loss 0.06106994481547324
Epoch 751, loss 0.06014761408508287
Epoch 752, loss 0.06084712046692331
Epoch 753, loss 0.06057542699345109
Epoch 754, loss 0.060241184870895755
Epoch 755, loss 0.06061602081491413
Epoch 756, loss 0.06064833135852368
Epoch 757, loss 0.06039953556249769
Epoch 758, loss 0.05995715936698037
Epoch 759, loss 0.05956436346879433
Epoch 760, loss 0.05990138437251452
Epoch 761, loss 0.06016894669269919
Epoch 762, loss 0.05899731836286618
Epoch 763, loss 0.05900292264221005
Epoch 764, loss 0.0599237899819885
Epoch 765, loss 0.05911711155175284
Epoch 766, loss 0.05919153600404696
Epoch 767, loss 0.059039066395353765
Epoch 768, loss 0.05994489082085684
Epoch 769, loss 0.05892671840064924
Epoch 770, loss 0.05921443711005737
Epoch 771, loss 0.05891381285481259
Epoch 772, loss 0.05877815739760482
Epoch 773, loss 0.05894226431010671
Epoch 774, loss 0.058786905967410964
Epoch 775, loss 0.05858187940940378
Epoch 776, loss 0.05910955299533699
Epoch 777, loss 0.05850770419464904
Epoch 778, loss 0.05861428824561536
Epoch 779, loss 0.05809094901639787
Epoch 780, loss 0.058300144310658275
Epoch 781, loss 0.05861823062200101
Epoch 782, loss 0.057922303699073585
Epoch 783, loss 0.057846607730239724
Epoch 784, loss 0.0578444671195409
Epoch 785, loss 0.05780380651466331
Epoch 786, loss 0.05775036029266173
Epoch 787, loss 0.05740364178524107
Epoch 788, loss 0.05741151941489343
Epoch 789, loss 0.0580740661091113
Epoch 790, loss 0.05723793506221153
Epoch 791, loss 0.05760064901222284
Epoch 792, loss 0.056601115989120515
Epoch 793, loss 0.05741564023477617
Epoch 794, loss 0.05771517564220886
Epoch 795, loss 0.057324512554553154
Epoch 796, loss 0.056939098214300654
Epoch 797, loss 0.05655622327494218
Epoch 798, loss 0.05637227396404155
Epoch 799, loss 0.056399650947309615
Epoch 800, loss 0.05714610363185668
	Saved ./examples/output/buddy\epoch_00800.png
Epoch 801, loss 0.05644453945968064
Epoch 802, loss 0.056333450539407255
Epoch 803, loss 0.05668332405517411
Epoch 804, loss 0.05632122938637815
Epoch 805, loss 0.05621253246350104
Epoch 806, loss 0.05647854705173912
Epoch 807, loss 0.056475228350964954
Epoch 808, loss 0.05565193372851217
Epoch 809, loss 0.05594870244351373
Epoch 810, loss 0.056393240902613787
Epoch 811, loss 0.05587097084296234
Epoch 812, loss 0.05607686607539798
Epoch 813, loss 0.05623445312564893
Epoch 814, loss 0.05595692509066155
Epoch 815, loss 0.05638389753885531
Epoch 816, loss 0.05616226244214717
Epoch 817, loss 0.05565132511025671
Epoch 818, loss 0.055998652250626786
Epoch 819, loss 0.056314930171242984
Epoch 820, loss 0.05561263895399407
Epoch 821, loss 0.055600267164506945
Epoch 822, loss 0.055599439272261075
Epoch 823, loss 0.05523755363678545
Epoch 824, loss 0.054899959039814594
Epoch 825, loss 0.05515525096711446
Epoch 826, loss 0.05441556379792091
Epoch 827, loss 0.05473700721814085
Epoch 828, loss 0.05519862107635028
Epoch 829, loss 0.05549548392279213
Epoch 830, loss 0.05507398915188692
Epoch 831, loss 0.0549095855180277
Epoch 832, loss 0.05487414381743043
Epoch 833, loss 0.05500844803553612
Epoch 834, loss 0.055129867680488304
Epoch 835, loss 0.05498508405116426
Epoch 836, loss 0.055988788020424625
Epoch 837, loss 0.055268007279726625
Epoch 838, loss 0.05506679055490887
Epoch 839, loss 0.05575775731915132
Epoch 840, loss 0.05564432324677594
Epoch 841, loss 0.055563866461085354
Epoch 842, loss 0.055081898461593296
Epoch 843, loss 0.05584350348301294
Epoch 844, loss 0.05510506035003135
Epoch 845, loss 0.055786247020909854
Epoch 846, loss 0.05480723236112562
Epoch 847, loss 0.05450951612348391
Epoch 848, loss 0.05476362717229351
Epoch 849, loss 0.05456079398200797
Epoch 850, loss 0.054837596099347755
Epoch 851, loss 0.054498794744203855
Epoch 852, loss 0.05497315991537062
Epoch 853, loss 0.05451533547685878
Epoch 854, loss 0.05432146844031964
Epoch 855, loss 0.05456834550792334
Epoch 856, loss 0.0552151926993026
Epoch 857, loss 0.054571165661718976
Epoch 858, loss 0.05465248212273273
Epoch 859, loss 0.05539516691254445
Epoch 860, loss 0.05415047464171116
Epoch 861, loss 0.05472324137892591
Epoch 862, loss 0.0551719548130479
Epoch 863, loss 0.054371996219475506
Epoch 864, loss 0.05482768947355788
Epoch 865, loss 0.055555445391716314
Epoch 866, loss 0.05439149903860843
Epoch 867, loss 0.05513811693875585
Epoch 868, loss 0.05495874454412754
Epoch 869, loss 0.05455508687529359
Epoch 870, loss 0.055786055179380026
Epoch 871, loss 0.0546691363359071
Epoch 872, loss 0.054164861352708205
Epoch 873, loss 0.05494195089367558
Epoch 874, loss 0.05448076971284631
Epoch 875, loss 0.05447050404334999
Epoch 876, loss 0.0547539884482937
Epoch 877, loss 0.055096383152939785
Epoch 878, loss 0.05406455491805474
Epoch 879, loss 0.05506702467976182
Epoch 880, loss 0.05391841527289505
Epoch 881, loss 0.05451561056282611
Epoch 882, loss 0.05446306451638827
Epoch 883, loss 0.05357763895526741
Epoch 884, loss 0.05447223680424236
Epoch 885, loss 0.05358060929322509
Epoch 886, loss 0.0546767928560985
Epoch 887, loss 0.05401270503974965
Epoch 888, loss 0.054185960151468565
Epoch 889, loss 0.05372130358588501
Epoch 890, loss 0.05305209270078738
Epoch 891, loss 0.05424102047195575
Epoch 892, loss 0.05325400249821939
Epoch 893, loss 0.05335287553790197
Epoch 894, loss 0.05303878471241491
Epoch 895, loss 0.053131813558166825
Epoch 896, loss 0.052985281726865216
Epoch 897, loss 0.05313525271375855
Epoch 898, loss 0.05361701068193609
Epoch 899, loss 0.05362600746579125
Epoch 900, loss 0.05359591774684366
	Saved ./examples/output/buddy\epoch_00900.png
Densifying...
Epoch 901, loss 0.05382036578522085
Epoch 902, loss 0.05357513455783525
Epoch 903, loss 0.053704216580432604
Epoch 904, loss 0.053548071534529756
Epoch 905, loss 0.05365712076884181
Epoch 906, loss 0.053878271863680646
Epoch 907, loss 0.05372507754092867
Epoch 908, loss 0.053988248606886405
Epoch 909, loss 0.05356507081172619
Epoch 910, loss 0.05262550869714797
Epoch 911, loss 0.053901393141984305
Epoch 912, loss 0.0527754691561106
Epoch 913, loss 0.05359321782524927
Epoch 914, loss 0.05334402408291636
Epoch 915, loss 0.05281602428337244
Epoch 916, loss 0.05310197214068467
Epoch 917, loss 0.05293903817610802
Epoch 918, loss 0.05289028545925248
Epoch 919, loss 0.052439921631531175
Epoch 920, loss 0.052746245590092375
Epoch 921, loss 0.05291817481229685
Epoch 922, loss 0.05272199276230766
Epoch 923, loss 0.05365079710362886
Epoch 924, loss 0.05323355283133721
Epoch 925, loss 0.05312675454928535
Epoch 926, loss 0.05312542555492162
Epoch 927, loss 0.05280159488361329
Epoch 928, loss 0.05276464214857786
Epoch 929, loss 0.053196261666787405
Epoch 930, loss 0.052567445003281824
Epoch 931, loss 0.05252922555020349
Epoch 932, loss 0.05247210666419827
Epoch 933, loss 0.05272477082929401
Epoch 934, loss 0.05274980578081007
Epoch 935, loss 0.05325380446430476
Epoch 936, loss 0.052765023694391705
Epoch 937, loss 0.05277588791631174
Epoch 938, loss 0.05266307091274537
Epoch 939, loss 0.05311580910161447
Epoch 940, loss 0.05258520180503305
Epoch 941, loss 0.05357912786701767
Epoch 942, loss 0.05264281818879619
Epoch 943, loss 0.05247024878026741
Epoch 944, loss 0.052752893307530635
Epoch 945, loss 0.05240711931444307
Epoch 946, loss 0.05246227561799194
Epoch 947, loss 0.05287416058788661
Epoch 948, loss 0.05288186606745078
Epoch 949, loss 0.05296426532014685
Epoch 950, loss 0.05249791108161457
Epoch 951, loss 0.05285725693365388
Epoch 952, loss 0.05223341612771471
Epoch 953, loss 0.05327926090312732
Epoch 954, loss 0.052906348375148356
Epoch 955, loss 0.05231456939522698
Epoch 956, loss 0.052218074858383354
Epoch 957, loss 0.05299932344772758
Epoch 958, loss 0.05227078680758905
Epoch 959, loss 0.05226420494324323
Epoch 960, loss 0.052027872222451796
Epoch 961, loss 0.052716614438284626
Epoch 962, loss 0.052375319786994015
Epoch 963, loss 0.052276810120293594
Epoch 964, loss 0.05181937528012827
Epoch 965, loss 0.05281017699645503
Epoch 966, loss 0.05243817845249735
Epoch 967, loss 0.05244600381970417
Epoch 968, loss 0.05223863782663105
Epoch 969, loss 0.05229241171060173
Epoch 970, loss 0.052268038829311615
Epoch 971, loss 0.05264254312127181
Epoch 972, loss 0.05202570459027107
Epoch 973, loss 0.051873672540672475
Epoch 974, loss 0.052189378595932076
Epoch 975, loss 0.052184172718827804
Epoch 976, loss 0.052231337898681715
Epoch 977, loss 0.05214980642779255
Epoch 978, loss 0.05196421561968943
Epoch 979, loss 0.05205223706007167
Epoch 980, loss 0.05183240060425731
Epoch 981, loss 0.05209395881820664
Epoch 982, loss 0.051956413891587255
Epoch 983, loss 0.052267821863501956
Epoch 984, loss 0.052132047199222376
Epoch 985, loss 0.052175895557837165
Epoch 986, loss 0.052589417482689374
Epoch 987, loss 0.05223964640316918
Epoch 988, loss 0.05280503100453061
Epoch 989, loss 0.05190933332839565
Epoch 990, loss 0.05236158658838603
Epoch 991, loss 0.052722991078256565
Epoch 992, loss 0.05199808504933043
Epoch 993, loss 0.05184274507893281
Epoch 994, loss 0.05275740774347377
Epoch 995, loss 0.0522343805372401
Epoch 996, loss 0.052054439746520006
Epoch 997, loss 0.05304112809660798
Epoch 998, loss 0.05176656102864714
Epoch 999, loss 0.05283564537367386
Epoch 1000, loss 0.05226084072348805
	Saved ./examples/output/buddy\epoch_01000.png
Epoch 1001, loss 0.05225407059284871
Epoch 1002, loss 0.05231044011122557
Epoch 1003, loss 0.05262616306143184
Epoch 1004, loss 0.052777820775318784
Epoch 1005, loss 0.052671930377100225
Epoch 1006, loss 0.051786742429134676
Epoch 1007, loss 0.05273259626384042
Epoch 1008, loss 0.05264965722319
Epoch 1009, loss 0.05231950532873356
Epoch 1010, loss 0.05227023416926044
Epoch 1011, loss 0.052163148774003076
Epoch 1012, loss 0.05216595184025681
Epoch 1013, loss 0.052280015503891386
Epoch 1014, loss 0.05173703120398809
Epoch 1015, loss 0.051975272097378296
Epoch 1016, loss 0.05221503481873169
Epoch 1017, loss 0.05220666071925535
Epoch 1018, loss 0.05190186672290646
Epoch 1019, loss 0.051608250523598215
Epoch 1020, loss 0.05156105061756356
Epoch 1021, loss 0.05147361483017142
Epoch 1022, loss 0.05099673714625996
Epoch 1023, loss 0.05206449589653195
Epoch 1024, loss 0.05105872200129145
Epoch 1025, loss 0.051884972411325586
Epoch 1026, loss 0.051410478681090874
Epoch 1027, loss 0.05153565121219446
Epoch 1028, loss 0.05173386277427183
Epoch 1029, loss 0.05150561689369488
Epoch 1030, loss 0.05145124421835251
Epoch 1031, loss 0.051337549143809544
Epoch 1032, loss 0.05191152554277829
Epoch 1033, loss 0.051306490853507525
Epoch 1034, loss 0.05172252433851578
Epoch 1035, loss 0.05183937341337476
Epoch 1036, loss 0.05166855944358155
Epoch 1037, loss 0.05192748177717721
Epoch 1038, loss 0.051919548347069557
Epoch 1039, loss 0.052153977475020666
Epoch 1040, loss 0.05129274794204752
Epoch 1041, loss 0.05190094513397858
Epoch 1042, loss 0.051764560517367504
Epoch 1043, loss 0.05173801226302721
Epoch 1044, loss 0.052462484463552006
Epoch 1045, loss 0.05164701412018611
Epoch 1046, loss 0.05125558474844573
Epoch 1047, loss 0.0516068320902591
Epoch 1048, loss 0.05186963452059873
Epoch 1049, loss 0.051369026857660496
Epoch 1050, loss 0.051829892545875424
Epoch 1051, loss 0.05150264414832453
Epoch 1052, loss 0.05143168815650587
Epoch 1053, loss 0.05213465649750225
Epoch 1054, loss 0.05155746548905411
Epoch 1055, loss 0.05154160026998421
Epoch 1056, loss 0.05156209665893163
Epoch 1057, loss 0.05186632863625677
Epoch 1058, loss 0.05121155583302264
Epoch 1059, loss 0.05129693831034319
Epoch 1060, loss 0.05135165616845688
Epoch 1061, loss 0.051367976439829724
Epoch 1062, loss 0.05173756323055137
Epoch 1063, loss 0.0515961902882447
Epoch 1064, loss 0.050852482348418826
Epoch 1065, loss 0.05195251041287092
Epoch 1066, loss 0.05114429645195058
Epoch 1067, loss 0.051524387807056246
Epoch 1068, loss 0.050967239965314166
Epoch 1069, loss 0.05091091298607053
Epoch 1070, loss 0.05098806403389134
Epoch 1071, loss 0.05167822232498884
Epoch 1072, loss 0.05153102917985409
Epoch 1073, loss 0.051057925520064565
Epoch 1074, loss 0.050978758069793746
Epoch 1075, loss 0.05155822727002435
Epoch 1076, loss 0.05156707988216917
Epoch 1077, loss 0.051630682617494636
Epoch 1078, loss 0.0516207993702586
Epoch 1079, loss 0.0516610915470022
Epoch 1080, loss 0.05162819497381031
Epoch 1081, loss 0.052151048615838816
Epoch 1082, loss 0.051207942907886966
Epoch 1083, loss 0.05197584252843902
Epoch 1084, loss 0.05157013381993598
Epoch 1085, loss 0.051630208154951514
Epoch 1086, loss 0.052131750936970374
Epoch 1087, loss 0.0517222270555083
Epoch 1088, loss 0.05125251112337828
Epoch 1089, loss 0.05142301016562182
Epoch 1090, loss 0.05154152131538934
Epoch 1091, loss 0.05155774260940172
Epoch 1092, loss 0.05212492392572749
Epoch 1093, loss 0.051891805549506564
Epoch 1094, loss 0.052209909142242224
Epoch 1095, loss 0.05197369565696483
Epoch 1096, loss 0.05183824292847841
Epoch 1097, loss 0.051483556497033844
Epoch 1098, loss 0.05187897303557471
Epoch 1099, loss 0.05154171006589928
Epoch 1100, loss 0.05179539720684945
	Saved ./examples/output/buddy\epoch_01100.png
Epoch 1101, loss 0.05118745747425606
Epoch 1102, loss 0.05171616985520475
Epoch 1103, loss 0.051156687026190584
Epoch 1104, loss 0.051646042671586276
Epoch 1105, loss 0.05127847382025599
Epoch 1106, loss 0.05154243827049393
Epoch 1107, loss 0.051712618477488155
Epoch 1108, loss 0.05164031265427297
Epoch 1109, loss 0.05154154677301179
Epoch 1110, loss 0.0517256993147172
Epoch 1111, loss 0.051511356713311016
Epoch 1112, loss 0.05151415775266251
Epoch 1113, loss 0.05126390631932115
Epoch 1114, loss 0.05187730730286158
Epoch 1115, loss 0.05131649286626323
Epoch 1116, loss 0.05163015236587343
Epoch 1117, loss 0.05142404756392424
Epoch 1118, loss 0.05168446844814441
Epoch 1119, loss 0.05100480891305788
Epoch 1120, loss 0.05179460220563738
Epoch 1121, loss 0.051579955664301416
Epoch 1122, loss 0.05131503665605462
Epoch 1123, loss 0.051369350654635645
Epoch 1124, loss 0.051092065923036056
Epoch 1125, loss 0.05072866338031091
Epoch 1126, loss 0.05087666617625075
Epoch 1127, loss 0.05119249377722804
Epoch 1128, loss 0.05127410580594351
Epoch 1129, loss 0.05126712371100035
Epoch 1130, loss 0.05088560251209196
Epoch 1131, loss 0.050480422078155174
Epoch 1132, loss 0.05105069986527234
Epoch 1133, loss 0.050636285718427994
Epoch 1134, loss 0.05112693986379824
Epoch 1135, loss 0.050632790059802174
Epoch 1136, loss 0.050571391796008586
Epoch 1137, loss 0.04994153953771076
Epoch 1138, loss 0.0507551425247635
Epoch 1139, loss 0.05017657655212977
Epoch 1140, loss 0.0507469756020289
Epoch 1141, loss 0.050513327293326846
Epoch 1142, loss 0.050920453027218565
Epoch 1143, loss 0.050258615331879614
Epoch 1144, loss 0.05041959521459019
Epoch 1145, loss 0.050506445754054455
Epoch 1146, loss 0.051297849535101955
Epoch 1147, loss 0.050424370246025314
Epoch 1148, loss 0.05064826237162988
Epoch 1149, loss 0.050436899108571215
Epoch 1150, loss 0.05044147750983873
Epoch 1151, loss 0.05038541459131923
Epoch 1152, loss 0.05045029645898075
Epoch 1153, loss 0.05029444432403625
Epoch 1154, loss 0.050368583203793324
Epoch 1155, loss 0.05056949023612296
Epoch 1156, loss 0.05022269903793586
Epoch 1157, loss 0.05054342944900425
Epoch 1158, loss 0.05030207754661532
Epoch 1159, loss 0.050475206419450275
Epoch 1160, loss 0.05040020520336652
Epoch 1161, loss 0.050849882950043
Epoch 1162, loss 0.05074654314019376
Epoch 1163, loss 0.05052691043455321
Epoch 1164, loss 0.05155568678092398
Epoch 1165, loss 0.050606377849419626
Epoch 1166, loss 0.050682577462295916
Epoch 1167, loss 0.05078974964003605
Epoch 1168, loss 0.050586020118005115
Epoch 1169, loss 0.05117385651402137
Epoch 1170, loss 0.050358656195452794
Epoch 1171, loss 0.0502767464593422
Epoch 1172, loss 0.05033092998493234
Epoch 1173, loss 0.05050821132068836
Epoch 1174, loss 0.05035540315761719
Epoch 1175, loss 0.05060625019194204
Epoch 1176, loss 0.050624529879802
Epoch 1177, loss 0.050797810460226474
Epoch 1178, loss 0.05087357700879039
Epoch 1179, loss 0.05049385650953961
Epoch 1180, loss 0.05019866483803169
Epoch 1181, loss 0.05026909288479643
Epoch 1182, loss 0.050301167695448845
Epoch 1183, loss 0.05028172941079227
Epoch 1184, loss 0.050648956117223705
Epoch 1185, loss 0.050671018792114664
Epoch 1186, loss 0.05068417066541357
Epoch 1187, loss 0.05022307603879202
Epoch 1188, loss 0.05075794736178951
Epoch 1189, loss 0.05056831528035655
Epoch 1190, loss 0.05078164027871587
Epoch 1191, loss 0.050789568013160744
Epoch 1192, loss 0.0506786953088573
Epoch 1193, loss 0.05092740656491257
Epoch 1194, loss 0.0506937113519951
Epoch 1195, loss 0.0513145478759683
Epoch 1196, loss 0.05036884243390313
Epoch 1197, loss 0.05162556838516823
Epoch 1198, loss 0.05151614034790634
Epoch 1199, loss 0.0514556329055706
Epoch 1200, loss 0.05098298114588931
	Saved ./examples/output/buddy\epoch_01200.png
Densifying...
Epoch 1201, loss 0.05141970489204352
Epoch 1202, loss 0.05177653640328593
Epoch 1203, loss 0.05093271447464007
Epoch 1204, loss 0.05136826921489793
Epoch 1205, loss 0.050837058781340344
Epoch 1206, loss 0.050866741000882745
Epoch 1207, loss 0.050792809952676946
Epoch 1208, loss 0.050450293487640185
Epoch 1209, loss 0.05024950978518982
Epoch 1210, loss 0.0506463978177676
Epoch 1211, loss 0.05030391888825708
Epoch 1212, loss 0.050094367471911
Epoch 1213, loss 0.04980157316801491
Epoch 1214, loss 0.05059166347941571
Epoch 1215, loss 0.05033494102558572
Epoch 1216, loss 0.05015763106594025
Epoch 1217, loss 0.05068698211951106
Epoch 1218, loss 0.050248014559937576
Epoch 1219, loss 0.0503649318798855
Epoch 1220, loss 0.05040393450719474
Epoch 1221, loss 0.05016267460197525
Epoch 1222, loss 0.05080726492711156
Epoch 1223, loss 0.05073184251927566
Epoch 1224, loss 0.049995487360346244
Epoch 1225, loss 0.05079034798713844
Epoch 1226, loss 0.05026953935832876
Epoch 1227, loss 0.05031919550289414
Epoch 1228, loss 0.05061355361934281
Epoch 1229, loss 0.050664644246696505
Epoch 1230, loss 0.050061727818327004
Epoch 1231, loss 0.05115309223286997
Epoch 1232, loss 0.050670360338059
Epoch 1233, loss 0.05055749702269911
Epoch 1234, loss 0.050873956484833796
Epoch 1235, loss 0.05069995332464226
Epoch 1236, loss 0.050038646033120464
Epoch 1237, loss 0.0510124420295642
Epoch 1238, loss 0.050393096306492566
Epoch 1239, loss 0.050222587505691016
Epoch 1240, loss 0.050249234542024665
Epoch 1241, loss 0.05025009149822006
Epoch 1242, loss 0.05051225929358219
Epoch 1243, loss 0.05036813674195867
Epoch 1244, loss 0.04995435710702483
Epoch 1245, loss 0.05026016852737698
Epoch 1246, loss 0.0498881236469356
Epoch 1247, loss 0.05028272273592853
Epoch 1248, loss 0.04960872847460587
Epoch 1249, loss 0.05023602277482464
Epoch 1250, loss 0.04983922100484503
Epoch 1251, loss 0.05038834287958241
Epoch 1252, loss 0.049761428242114096
Epoch 1253, loss 0.049974930935843195
Epoch 1254, loss 0.04950190038721142
Epoch 1255, loss 0.0493936864462393
Epoch 1256, loss 0.050228594173158204
Epoch 1257, loss 0.049852575950530935
Epoch 1258, loss 0.04979621192426989
Epoch 1259, loss 0.0495104733651404
Epoch 1260, loss 0.04995559229785554
Epoch 1261, loss 0.04982262535159478
Epoch 1262, loss 0.049931702379997965
Epoch 1263, loss 0.05007674346510356
Epoch 1264, loss 0.05010131785273765
Epoch 1265, loss 0.04994157790300517
Epoch 1266, loss 0.050413022713692454
Epoch 1267, loss 0.050248581909229637
Epoch 1268, loss 0.050097808342398506
Epoch 1269, loss 0.05059215938570456
Epoch 1270, loss 0.049430634423990996
Epoch 1271, loss 0.050068001054314575
Epoch 1272, loss 0.04947534061361135
Epoch 1273, loss 0.04966740311043945
Epoch 1274, loss 0.04997323824768632
Epoch 1275, loss 0.049437245989310645
Epoch 1276, loss 0.04987592022445979
Epoch 1277, loss 0.0497225646921943
Epoch 1278, loss 0.050297071952562625
Epoch 1279, loss 0.05015319500107786
Epoch 1280, loss 0.04987658383750844
Epoch 1281, loss 0.05084509470262974
Epoch 1282, loss 0.05009206644323727
Epoch 1283, loss 0.04960256431653699
Epoch 1284, loss 0.05023599199311782
Epoch 1285, loss 0.04971522537336452
Epoch 1286, loss 0.04980650852284779
Epoch 1287, loss 0.04979549726727173
Epoch 1288, loss 0.05032788460910777
Epoch 1289, loss 0.05001598190609567
Epoch 1290, loss 0.05014445611752709
Epoch 1291, loss 0.05079750055318798
Epoch 1292, loss 0.05066065308053103
Epoch 1293, loss 0.050400180058781205
Epoch 1294, loss 0.04969586809593871
Epoch 1295, loss 0.0506940556061225
Epoch 1296, loss 0.05078941794095042
Epoch 1297, loss 0.050430692531398216
Epoch 1298, loss 0.04987020398035798
Epoch 1299, loss 0.05046000056198287
Epoch 1300, loss 0.05026941267023813
	Saved ./examples/output/buddy\epoch_01300.png
Epoch 1301, loss 0.05032186572463013
Epoch 1302, loss 0.04982139052945858
Epoch 1303, loss 0.050403943568094745
Epoch 1304, loss 0.050327945637041016
Epoch 1305, loss 0.05033185612193708
Epoch 1306, loss 0.04975726959472733
Epoch 1307, loss 0.05048358705380329
Epoch 1308, loss 0.049852809335340524
Epoch 1309, loss 0.050070895425276034
Epoch 1310, loss 0.049554267186644706
Epoch 1311, loss 0.04996931474821151
Epoch 1312, loss 0.04945254432029115
Epoch 1313, loss 0.05054889309113213
Epoch 1314, loss 0.04942338986099996
Epoch 1315, loss 0.050693842971555284
Epoch 1316, loss 0.0501952460126559
Epoch 1317, loss 0.05027538180986037
Epoch 1318, loss 0.05029136896289122
Epoch 1319, loss 0.05061149111296259
Epoch 1320, loss 0.050213905539866655
Epoch 1321, loss 0.04952725275606637
Epoch 1322, loss 0.05046771356477721
Epoch 1323, loss 0.049789396615049386
Epoch 1324, loss 0.04980123714384534
Epoch 1325, loss 0.050114291676363255
Epoch 1326, loss 0.04984679656955354
Epoch 1327, loss 0.04951045352680354
Epoch 1328, loss 0.04976243946429807
Epoch 1329, loss 0.05031857368716064
Epoch 1330, loss 0.04987143573752616
Epoch 1331, loss 0.05020748640432504
Epoch 1332, loss 0.050388265518328826
Epoch 1333, loss 0.04898226085521247
Epoch 1334, loss 0.05000101027352637
Epoch 1335, loss 0.04942786938352919
Epoch 1336, loss 0.049989639115719756
Epoch 1337, loss 0.04916215407435734
Epoch 1338, loss 0.05017762144831148
Epoch 1339, loss 0.0498918960478657
Epoch 1340, loss 0.04993420866686496
Epoch 1341, loss 0.050066739587053
Epoch 1342, loss 0.05004857336319431
Epoch 1343, loss 0.050006945245996234
Epoch 1344, loss 0.04995156024334704
Epoch 1345, loss 0.04969959737989475
Epoch 1346, loss 0.04979907194659069
Epoch 1347, loss 0.04964458640094278
Epoch 1348, loss 0.04981807504356457
Epoch 1349, loss 0.04926818376212708
Epoch 1350, loss 0.04976433964919454
Epoch 1351, loss 0.0497163596994482
Epoch 1352, loss 0.04943930327963539
Epoch 1353, loss 0.04939296763324186
Epoch 1354, loss 0.049970297734577764
Epoch 1355, loss 0.049329955701843176
Epoch 1356, loss 0.049313642434761815
Epoch 1357, loss 0.04982526675554581
Epoch 1358, loss 0.04985591526083191
Epoch 1359, loss 0.0496077129085976
Epoch 1360, loss 0.04991473214833536
Epoch 1361, loss 0.049519064270427696
Epoch 1362, loss 0.050047176717566325
Epoch 1363, loss 0.04946745862948233
Epoch 1364, loss 0.04909137680105395
Epoch 1365, loss 0.0496612566314131
Epoch 1366, loss 0.04922718652404405
Epoch 1367, loss 0.04937018822986758
Epoch 1368, loss 0.049720813729480645
Epoch 1369, loss 0.04933830681692518
Epoch 1370, loss 0.048961996014096815
Epoch 1371, loss 0.04924075103262947
Epoch 1372, loss 0.049513517849993624
Epoch 1373, loss 0.049213985814001604
Epoch 1374, loss 0.04919362145950107
Epoch 1375, loss 0.0490039685428714
Epoch 1376, loss 0.04919000607991918
Epoch 1377, loss 0.049452818846359825
Epoch 1378, loss 0.04933102424739261
Epoch 1379, loss 0.049765812668969095
Epoch 1380, loss 0.0489938528980505
Epoch 1381, loss 0.04951007319915088
Epoch 1382, loss 0.04917907351727349
Epoch 1383, loss 0.0494290436963691
Epoch 1384, loss 0.04949714084950524
Epoch 1385, loss 0.0494269260919752
Epoch 1386, loss 0.04934141338269643
Epoch 1387, loss 0.04920755443868806
Epoch 1388, loss 0.04974705545444888
Epoch 1389, loss 0.048985610215677
Epoch 1390, loss 0.050079577800617545
Epoch 1391, loss 0.04921051470283824
Epoch 1392, loss 0.04991366049869678
Epoch 1393, loss 0.0497644882930732
Epoch 1394, loss 0.049127606207496635
Epoch 1395, loss 0.049508999200872456
Epoch 1396, loss 0.049320160887651926
Epoch 1397, loss 0.049595296627240104
Epoch 1398, loss 0.04967111751301099
Epoch 1399, loss 0.04976692703302801
Epoch 1400, loss 0.04941331771230392
	Saved ./examples/output/buddy\epoch_01400.png
Epoch 1401, loss 0.04926266335191129
Epoch 1402, loss 0.049733996669371755
Epoch 1403, loss 0.049351204226234444
Epoch 1404, loss 0.048906407732987336
Epoch 1405, loss 0.049404500921833
Epoch 1406, loss 0.048845084968568056
Epoch 1407, loss 0.04877555738889664
Epoch 1408, loss 0.049498718407756256
Epoch 1409, loss 0.048600300036084496
Epoch 1410, loss 0.0487584557174529
Epoch 1411, loss 0.04911560706122137
Epoch 1412, loss 0.049127041180104386
Epoch 1413, loss 0.04920268062923096
Epoch 1414, loss 0.048912122887371096
Epoch 1415, loss 0.05032746053537558
Epoch 1416, loss 0.049315115051099714
Epoch 1417, loss 0.04967185128232802
Epoch 1418, loss 0.049889760469665693
Epoch 1419, loss 0.04976063284276987
Epoch 1420, loss 0.049117937436788606
Epoch 1421, loss 0.04966136757134886
Epoch 1422, loss 0.049590616956497566
Epoch 1423, loss 0.04956440384444051
Epoch 1424, loss 0.05008725576549444
Epoch 1425, loss 0.050345469016606595
Epoch 1426, loss 0.04929624141765372
Epoch 1427, loss 0.05044236783450624
Epoch 1428, loss 0.0503280711516718
Epoch 1429, loss 0.050658407866612805
Epoch 1430, loss 0.04979649684466821
Epoch 1431, loss 0.050051087738887085
Epoch 1432, loss 0.050181419996294996
Epoch 1433, loss 0.04976162120823788
Epoch 1434, loss 0.04975258499270453
Epoch 1435, loss 0.049824903482784816
Epoch 1436, loss 0.04898487828316994
Epoch 1437, loss 0.04965011641565858
Epoch 1438, loss 0.04936561821367731
Epoch 1439, loss 0.04940870865315179
Epoch 1440, loss 0.04952354264246266
Epoch 1441, loss 0.049914426433956105
Epoch 1442, loss 0.04921091608734003
Epoch 1443, loss 0.049772713338020934
Epoch 1444, loss 0.050009984819567865
Epoch 1445, loss 0.0495523560366871
Epoch 1446, loss 0.04955804255595643
Epoch 1447, loss 0.049485426446409214
Epoch 1448, loss 0.04921123900222052
Epoch 1449, loss 0.04897886479818574
Epoch 1450, loss 0.04954551172357417
Epoch 1451, loss 0.049404111809738846
Epoch 1452, loss 0.04961334405450151
Epoch 1453, loss 0.04934578377547802
Epoch 1454, loss 0.04929321210610162
Epoch 1455, loss 0.049246343757572565
Epoch 1456, loss 0.04888823172031946
Epoch 1457, loss 0.04918781978161495
Epoch 1458, loss 0.0492308763037769
Epoch 1459, loss 0.049424198631316876
Epoch 1460, loss 0.04886285517115102
Epoch 1461, loss 0.049280026719080564
Epoch 1462, loss 0.04930933681053254
Epoch 1463, loss 0.049105563600032334
Epoch 1464, loss 0.049710776033290646
Epoch 1465, loss 0.04960001736665749
Epoch 1466, loss 0.0495548210456017
Epoch 1467, loss 0.04932991746146402
Epoch 1468, loss 0.04893612182207134
Epoch 1469, loss 0.049085745378187176
Epoch 1470, loss 0.04855762048397763
Epoch 1471, loss 0.049189166110492594
Epoch 1472, loss 0.04922232833016489
Epoch 1473, loss 0.0488802777961035
Epoch 1474, loss 0.04847833071804698
Epoch 1475, loss 0.04874469622834398
Epoch 1476, loss 0.04917065787844428
Epoch 1477, loss 0.04828427070774423
Epoch 1478, loss 0.04852029021357901
Epoch 1479, loss 0.04849050289379481
Epoch 1480, loss 0.04798924081488696
Epoch 1481, loss 0.049165458162196155
Epoch 1482, loss 0.048380822041608075
Epoch 1483, loss 0.04885484408642596
Epoch 1484, loss 0.04817519748790132
Epoch 1485, loss 0.04890123405088462
Epoch 1486, loss 0.048277207685992106
Epoch 1487, loss 0.04949846358059935
Epoch 1488, loss 0.04874577522667771
Epoch 1489, loss 0.04867154084194529
Epoch 1490, loss 0.048502266415375715
Epoch 1491, loss 0.049050949772941735
Epoch 1492, loss 0.048754122269898545
Epoch 1493, loss 0.048358102412617746
Epoch 1494, loss 0.048762874189469174
Epoch 1495, loss 0.04937379707100209
Epoch 1496, loss 0.04915840539342836
Epoch 1497, loss 0.04949177215331736
Epoch 1498, loss 0.048744183726240065
Epoch 1499, loss 0.04902572025416732
Epoch 1500, loss 0.049544501623799184
	Saved ./examples/output/buddy\epoch_01500.png
Densifying...
Epoch 1501, loss 0.04897421938940877
Epoch 1502, loss 0.04883513920362778
Epoch 1503, loss 0.049776063593480455
Epoch 1504, loss 0.049351405404717025
Epoch 1505, loss 0.0497333265581018
Epoch 1506, loss 0.04956007086424952
Epoch 1507, loss 0.049475127186178164
Epoch 1508, loss 0.04888655398593243
Epoch 1509, loss 0.04931524433696681
Epoch 1510, loss 0.048698650302663876
Epoch 1511, loss 0.04890263380731735
Epoch 1512, loss 0.04868709661518709
Epoch 1513, loss 0.04930520624438974
Epoch 1514, loss 0.048384713662411497
Epoch 1515, loss 0.049051217889681295
Epoch 1516, loss 0.04865001548545167
Epoch 1517, loss 0.04886121261460345
Epoch 1518, loss 0.0488484485990949
Epoch 1519, loss 0.04861899297860175
Epoch 1520, loss 0.04839154551247045
Epoch 1521, loss 0.04910638837185334
Epoch 1522, loss 0.04796713656771841
Epoch 1523, loss 0.04846144277617134
Epoch 1524, loss 0.048103096041506636
Epoch 1525, loss 0.04857694918428182
Epoch 1526, loss 0.04840297932357314
Epoch 1527, loss 0.04845999475013177
Epoch 1528, loss 0.04876594754673717
Epoch 1529, loss 0.04862626155310819
Epoch 1530, loss 0.048346818028251276
Epoch 1531, loss 0.048495818098897636
Epoch 1532, loss 0.04910003351184904
Epoch 1533, loss 0.04884651139693964
Epoch 1534, loss 0.04912367131867133
Epoch 1535, loss 0.04876376233084105
Epoch 1536, loss 0.04901490393339861
Epoch 1537, loss 0.0491910805781072
Epoch 1538, loss 0.04869667838957578
Epoch 1539, loss 0.04940892853342049
Epoch 1540, loss 0.04886409156335096
Epoch 1541, loss 0.048798608448190436
Epoch 1542, loss 0.048164433344808355
Epoch 1543, loss 0.04938398532539764
Epoch 1544, loss 0.04870173167940732
Epoch 1545, loss 0.049035533024737635
Epoch 1546, loss 0.04783922376475647
Epoch 1547, loss 0.048109552883710285
Epoch 1548, loss 0.04896814349372146
Epoch 1549, loss 0.048308900115691805
Epoch 1550, loss 0.04870482871503555
Epoch 1551, loss 0.0486089782472179
Epoch 1552, loss 0.048618097485796645
Epoch 1553, loss 0.0483955829689347
Epoch 1554, loss 0.04822041509934616
Epoch 1555, loss 0.049261976384627135
Epoch 1556, loss 0.048614693760380676
Epoch 1557, loss 0.04890661437654169
Epoch 1558, loss 0.04907658198084959
Epoch 1559, loss 0.04886890873748755
Epoch 1560, loss 0.04898562828943026
Epoch 1561, loss 0.04851762662417636
Epoch 1562, loss 0.04920798156806487
Epoch 1563, loss 0.04899067196262903
Epoch 1564, loss 0.04928934020053856
Epoch 1565, loss 0.04856195390682863
Epoch 1566, loss 0.049989697954984855
Epoch 1567, loss 0.04863602511516259
Epoch 1568, loss 0.049112571543006564
Epoch 1569, loss 0.04856250493713679
Epoch 1570, loss 0.04927806162531878
Epoch 1571, loss 0.049176289427420604
Epoch 1572, loss 0.04883247532154227
Epoch 1573, loss 0.049062550527388615
Epoch 1574, loss 0.048636909974431014
Epoch 1575, loss 0.04891270054234524
Epoch 1576, loss 0.048659748169389894
Epoch 1577, loss 0.04883150961109925
Epoch 1578, loss 0.04858343218514914
Epoch 1579, loss 0.04889035605952944
Epoch 1580, loss 0.048864668408617334
Epoch 1581, loss 0.04872633966755824
Epoch 1582, loss 0.048809914165928926
Epoch 1583, loss 0.048737914976243885
Epoch 1584, loss 0.04855314568565265
Epoch 1585, loss 0.04857023238442927
Epoch 1586, loss 0.04852420023903238
Epoch 1587, loss 0.049184706108145425
Epoch 1588, loss 0.0479615681451259
Epoch 1589, loss 0.048729147893059294
Epoch 1590, loss 0.04818821158862924
Epoch 1591, loss 0.04907226356801245
Epoch 1592, loss 0.04844321525280226
Epoch 1593, loss 0.04913358228725384
Epoch 1594, loss 0.04846994221187716
Epoch 1595, loss 0.048591348090946396
Epoch 1596, loss 0.04835462002296927
Epoch 1597, loss 0.0489966555867553
Epoch 1598, loss 0.048580804173630074
Epoch 1599, loss 0.04903217381143085
Epoch 1600, loss 0.04877231448828788
	Saved ./examples/output/buddy\epoch_01600.png
Epoch 1601, loss 0.04871396017521812
Epoch 1602, loss 0.048948109921081534
Epoch 1603, loss 0.04876266102034639
Epoch 1604, loss 0.048708441256098745
Epoch 1605, loss 0.04871032756001096
Epoch 1606, loss 0.04841815731286017
Epoch 1607, loss 0.04868675270379694
Epoch 1608, loss 0.04813197858039506
Epoch 1609, loss 0.048554920341349596
Epoch 1610, loss 0.04833288892119654
Epoch 1611, loss 0.04887227436377216
Epoch 1612, loss 0.04861409389671334
Epoch 1613, loss 0.048479318695306556
Epoch 1614, loss 0.04865131551905768
Epoch 1615, loss 0.04907460720776782
Epoch 1616, loss 0.048377868784074574
Epoch 1617, loss 0.049625855789047116
Epoch 1618, loss 0.04867878617377182
Epoch 1619, loss 0.04926884267132762
Epoch 1620, loss 0.04896732336987046
Epoch 1621, loss 0.04837056518980776
Epoch 1622, loss 0.048812855252847454
Epoch 1623, loss 0.048694675615734345
Epoch 1624, loss 0.04909782781307846
Epoch 1625, loss 0.048046799129716815
Epoch 1626, loss 0.04900704007765458
Epoch 1627, loss 0.04812844551769403
Epoch 1628, loss 0.04891710908912504
Epoch 1629, loss 0.04840608376188847
Epoch 1630, loss 0.048435367504349396
Epoch 1631, loss 0.04798133099039666
Epoch 1632, loss 0.048916285004506205
Epoch 1633, loss 0.04890282888190526
Epoch 1634, loss 0.04896855615041784
Epoch 1635, loss 0.04813576803677915
Epoch 1636, loss 0.04831789618939293
Epoch 1637, loss 0.048363480439233636
Epoch 1638, loss 0.04884742357746487
Epoch 1639, loss 0.04756755452727435
Epoch 1640, loss 0.048922358861934176
Epoch 1641, loss 0.048437404266150896
Epoch 1642, loss 0.04904554784941476
Epoch 1643, loss 0.048617710406407194
Epoch 1644, loss 0.04894213835696995
Epoch 1645, loss 0.04866096918655185
Epoch 1646, loss 0.04928859954444921
Epoch 1647, loss 0.04851409658600453
Epoch 1648, loss 0.049398727948177124
Epoch 1649, loss 0.048536445007252
Epoch 1650, loss 0.049318115901719285
Epoch 1651, loss 0.04896429093670841
Epoch 1652, loss 0.049366884538552674
Epoch 1653, loss 0.04821945597692581
Epoch 1654, loss 0.04965474342155378
Epoch 1655, loss 0.04807984866711225
Epoch 1656, loss 0.04896859933405624
Epoch 1657, loss 0.0487172046446038
Epoch 1658, loss 0.04883112171443328
Epoch 1659, loss 0.048973967542689636
Epoch 1660, loss 0.0488194072378798
Epoch 1661, loss 0.0485260200842316
Epoch 1662, loss 0.04916090044009671
Epoch 1663, loss 0.04858535389926307
Epoch 1664, loss 0.049573504825837736
Epoch 1665, loss 0.048869784305004264
Epoch 1666, loss 0.04909574824896264
Epoch 1667, loss 0.048052345291621446
Epoch 1668, loss 0.04915539510211861
Epoch 1669, loss 0.04831141831861084
Epoch 1670, loss 0.0492412858018343
Epoch 1671, loss 0.04985369662780394
Epoch 1672, loss 0.049305783322213345
Epoch 1673, loss 0.04882265031284884
Epoch 1674, loss 0.049040647679441815
Epoch 1675, loss 0.048750045882745285
Epoch 1676, loss 0.04920836440273493
Epoch 1677, loss 0.04859122673061532
Epoch 1678, loss 0.04925237570336756
Epoch 1679, loss 0.04840060809355816
Epoch 1680, loss 0.04911356549585613
Epoch 1681, loss 0.04852120008877407
Epoch 1682, loss 0.0488116149649534
Epoch 1683, loss 0.04817643624484298
Epoch 1684, loss 0.049154701738156364
Epoch 1685, loss 0.04894158738264749
Epoch 1686, loss 0.0491832056711701
Epoch 1687, loss 0.04877748771774784
Epoch 1688, loss 0.048379189170082965
Epoch 1689, loss 0.048777796879435065
Epoch 1690, loss 0.04920994962304172
Epoch 1691, loss 0.049030190088703685
Epoch 1692, loss 0.0492951297145674
Epoch 1693, loss 0.04872879496819551
Epoch 1694, loss 0.04970942460621454
Epoch 1695, loss 0.04855106613416836
Epoch 1696, loss 0.0496968831058059
Epoch 1697, loss 0.04912210743483594
Epoch 1698, loss 0.049291977641070656
Epoch 1699, loss 0.04872519799457568
Epoch 1700, loss 0.04938556955195675
	Saved ./examples/output/buddy\epoch_01700.png
Epoch 1701, loss 0.0487023067997001
Epoch 1702, loss 0.04883018579903341
Epoch 1703, loss 0.0489027747551556
Epoch 1704, loss 0.048422827148515174
Epoch 1705, loss 0.04824906145171102
Epoch 1706, loss 0.04850089119339611
Epoch 1707, loss 0.0479155007675135
Epoch 1708, loss 0.049086248915915835
Epoch 1709, loss 0.048067369615604594
Epoch 1710, loss 0.048632104985434785
Epoch 1711, loss 0.048176763148426324
Epoch 1712, loss 0.048631913046327524
Epoch 1713, loss 0.048014407916632904
Epoch 1714, loss 0.048365256428114754
Epoch 1715, loss 0.04872822788026786
Epoch 1716, loss 0.04893979720342516
Epoch 1717, loss 0.048808097323015
Epoch 1718, loss 0.04872718878594655
Epoch 1719, loss 0.0484835670825368
Epoch 1720, loss 0.04929402930152425
Epoch 1721, loss 0.0484443633917305
Epoch 1722, loss 0.04860469355373279
Epoch 1723, loss 0.048689541030078706
Epoch 1724, loss 0.04869049388426619
Epoch 1725, loss 0.04886303160453748
Epoch 1726, loss 0.048612892836378555
Epoch 1727, loss 0.04872763015463001
Epoch 1728, loss 0.04842855344903241
Epoch 1729, loss 0.0483988791403671
Epoch 1730, loss 0.04857532820741802
Epoch 1731, loss 0.04856838918890467
Epoch 1732, loss 0.04867682058079407
Epoch 1733, loss 0.04887885474120243
Epoch 1734, loss 0.048588717182314646
Epoch 1735, loss 0.04858506152492095
Epoch 1736, loss 0.04848664498223939
Epoch 1737, loss 0.04889107369836275
Epoch 1738, loss 0.04870302142269817
Epoch 1739, loss 0.04902883686589213
Epoch 1740, loss 0.04857470197815672
Epoch 1741, loss 0.04897443551426581
Epoch 1742, loss 0.048384180996781004
Epoch 1743, loss 0.04874818288363948
Epoch 1744, loss 0.048868940681488546
Epoch 1745, loss 0.04847241307823201
Epoch 1746, loss 0.0486707629318657
Epoch 1747, loss 0.048907953785493175
Epoch 1748, loss 0.048797720983377306
Epoch 1749, loss 0.04900639977074566
Epoch 1750, loss 0.047970352052043794
Epoch 1751, loss 0.048749308878027954
Epoch 1752, loss 0.04878395164551193
Epoch 1753, loss 0.0485199055842082
Epoch 1754, loss 0.04838826059050016
Epoch 1755, loss 0.04892018967413047
Epoch 1756, loss 0.04871745206487399
Epoch 1757, loss 0.04840241460184043
Epoch 1758, loss 0.04858650349608845
Epoch 1759, loss 0.048683137389543996
Epoch 1760, loss 0.04865196841285926
Epoch 1761, loss 0.04893033941675978
Epoch 1762, loss 0.04871826662898689
Epoch 1763, loss 0.04838507308533141
Epoch 1764, loss 0.04823023469668644
Epoch 1765, loss 0.048921991936869504
Epoch 1766, loss 0.04832585479296231
Epoch 1767, loss 0.048648172085904155
Epoch 1768, loss 0.04855409007571572
Epoch 1769, loss 0.04805550340466852
Epoch 1770, loss 0.04827922517849369
Epoch 1771, loss 0.04891416953468067
Epoch 1772, loss 0.04807312658347183
Epoch 1773, loss 0.048623013499629955
Epoch 1774, loss 0.04831594285566746
Epoch 1775, loss 0.04878833421612197
Epoch 1776, loss 0.04888043437090932
Epoch 1777, loss 0.04911858897655694
Epoch 1778, loss 0.048487972026560765
Epoch 1779, loss 0.04850763330323579
Epoch 1780, loss 0.04846613279467146
Epoch 1781, loss 0.04902013314061465
Epoch 1782, loss 0.04891402849362701
Epoch 1783, loss 0.04877652784088039
Epoch 1784, loss 0.048295521137150715
Epoch 1785, loss 0.04856522177574299
Epoch 1786, loss 0.04845470351003911
Epoch 1787, loss 0.04867681866764917
Epoch 1788, loss 0.048043133266722986
Epoch 1789, loss 0.047921984678895406
Epoch 1790, loss 0.0484364602852556
Epoch 1791, loss 0.048669047770068856
Epoch 1792, loss 0.04836079916743782
Epoch 1793, loss 0.04871012540047559
Epoch 1794, loss 0.048499357786326004
Epoch 1795, loss 0.0485353127987756
Epoch 1796, loss 0.04880108435248977
Epoch 1797, loss 0.04883589402801822
Epoch 1798, loss 0.04849653588097759
Epoch 1799, loss 0.0489470698599766
Epoch 1800, loss 0.04923487719551538
	Saved ./examples/output/buddy\epoch_01800.png
Densifying...
Epoch 1801, loss 0.04840663153478536
Epoch 1802, loss 0.04883196588569244
Epoch 1803, loss 0.04919532759961935
Epoch 1804, loss 0.04863389625936666
Epoch 1805, loss 0.04852222992716408
Epoch 1806, loss 0.04887080567925694
Epoch 1807, loss 0.047929378711926665
Epoch 1808, loss 0.04855755534115655
Epoch 1809, loss 0.04857266177145361
Epoch 1810, loss 0.0486187658207982
Epoch 1811, loss 0.04838018211119778
Epoch 1812, loss 0.04827061388859393
Epoch 1813, loss 0.04798123785737514
Epoch 1814, loss 0.04842258637828389
Epoch 1815, loss 0.04787243290795823
Epoch 1816, loss 0.04815437386225423
Epoch 1817, loss 0.04796783851477736
Epoch 1818, loss 0.047966160534323024
Epoch 1819, loss 0.04823097475883134
Epoch 1820, loss 0.04797699658554004
Epoch 1821, loss 0.04821102431578017
Epoch 1822, loss 0.04851812810268655
Epoch 1823, loss 0.04808194702553764
Epoch 1824, loss 0.04801031161365352
Epoch 1825, loss 0.04793922067875535
Epoch 1826, loss 0.048067051105793124
Epoch 1827, loss 0.04857691877927613
Epoch 1828, loss 0.048307960311838066
Epoch 1829, loss 0.04847532129463343
Epoch 1830, loss 0.04888048630088328
Epoch 1831, loss 0.04877973412707448
Epoch 1832, loss 0.049245430308405835
Epoch 1833, loss 0.04848609520089085
Epoch 1834, loss 0.04890494236584836
Epoch 1835, loss 0.04887236738194799
Epoch 1836, loss 0.04949524414287659
Epoch 1837, loss 0.04847782327343264
Epoch 1838, loss 0.048904351413713604
Epoch 1839, loss 0.04854246114625972
Epoch 1840, loss 0.04898047804776406
Epoch 1841, loss 0.04918351773931552
Epoch 1842, loss 0.049198515752871555
Epoch 1843, loss 0.049268289581149136
Epoch 1844, loss 0.049130746026949806
Epoch 1845, loss 0.049246794758353474
Epoch 1846, loss 0.04884916068746781
Epoch 1847, loss 0.048949050044025263
Epoch 1848, loss 0.049549522421237904
Epoch 1849, loss 0.04873887203078102
Epoch 1850, loss 0.048617633400656196
Epoch 1851, loss 0.04906185920647721
Epoch 1852, loss 0.04852682431916647
Epoch 1853, loss 0.0495208789999986
Epoch 1854, loss 0.048220388289869784
Epoch 1855, loss 0.04961197171477181
Epoch 1856, loss 0.04876418944562677
Epoch 1857, loss 0.048902922579265956
Epoch 1858, loss 0.048925444581378465
Epoch 1859, loss 0.04865126123484087
Epoch 1860, loss 0.048659071078471665
Epoch 1861, loss 0.048565396830553456
Epoch 1862, loss 0.048725672909000886
Epoch 1863, loss 0.048413223977981854
Epoch 1864, loss 0.049150807597966945
Epoch 1865, loss 0.048823707954578244
Epoch 1866, loss 0.04898947764099937
Epoch 1867, loss 0.04856941820628409
Epoch 1868, loss 0.04866199461732512
Epoch 1869, loss 0.04848051102546863
Epoch 1870, loss 0.04949040206042593
Epoch 1871, loss 0.04809729700629427
Epoch 1872, loss 0.04876791465089138
Epoch 1873, loss 0.04912159542128895
Epoch 1874, loss 0.048549678797801046
Epoch 1875, loss 0.04823422771281374
Epoch 1876, loss 0.04845062601416697
Epoch 1877, loss 0.04869799444852721
Epoch 1878, loss 0.047679243664253204
Epoch 1879, loss 0.04860094884697782
Epoch 1880, loss 0.04782715320140864
Epoch 1881, loss 0.047757552785750695
Epoch 1882, loss 0.048095748135600656
Epoch 1883, loss 0.048663789332785576
Epoch 1884, loss 0.04820442789154619
Epoch 1885, loss 0.048470780161331196
Epoch 1886, loss 0.04831524133434931
Epoch 1887, loss 0.04856646110105538
Epoch 1888, loss 0.048320997099134566
Epoch 1889, loss 0.04850775477454296
Epoch 1890, loss 0.04846043260898886
Epoch 1891, loss 0.049240201088271034
Epoch 1892, loss 0.04804416121293792
Epoch 1893, loss 0.04844622958275091
Epoch 1894, loss 0.04857167690863831
Epoch 1895, loss 0.04849174016711892
Epoch 1896, loss 0.0482882793930433
Epoch 1897, loss 0.04863829977219164
Epoch 1898, loss 0.04830389221860487
Epoch 1899, loss 0.048566870207546166
Epoch 1900, loss 0.04808448379829749
	Saved ./examples/output/buddy\epoch_01900.png
Epoch 1901, loss 0.04838502155573528
Epoch 1902, loss 0.04848566614352974
Epoch 1903, loss 0.04896451695288481
Epoch 1904, loss 0.04807350715978427
Epoch 1905, loss 0.048285421964037956
Epoch 1906, loss 0.04857386214315977
Epoch 1907, loss 0.048352667961632054
Epoch 1908, loss 0.047810022253978623
Epoch 1909, loss 0.04813462431463429
Epoch 1910, loss 0.048186911897207835
Epoch 1911, loss 0.048009751847125456
Epoch 1912, loss 0.04827835817776869
Epoch 1913, loss 0.048610582521587134
Epoch 1914, loss 0.04805560617995519
Epoch 1915, loss 0.048722871594999814
Epoch 1916, loss 0.04807923175176497
Epoch 1917, loss 0.0482829967104212
Epoch 1918, loss 0.048076000567150085
Epoch 1919, loss 0.048550935014304505
Epoch 1920, loss 0.048361765281929064
Epoch 1921, loss 0.04805669827385878
Epoch 1922, loss 0.04841777926584795
Epoch 1923, loss 0.04807053362385327
Epoch 1924, loss 0.0482645300342336
Epoch 1925, loss 0.047842728442411095
Epoch 1926, loss 0.04796392688194067
Epoch 1927, loss 0.047976176969872594
Epoch 1928, loss 0.04778554308577426
Epoch 1929, loss 0.047935633030787406
Epoch 1930, loss 0.04797356908708991
Epoch 1931, loss 0.04772455202745765
Epoch 1932, loss 0.0481982362706597
Epoch 1933, loss 0.047701907945350855
Epoch 1934, loss 0.04801080606870302
Epoch 1935, loss 0.047971685461304925
Epoch 1936, loss 0.0479532852142666
Epoch 1937, loss 0.047966829913638584
Epoch 1938, loss 0.04833696124836734
Epoch 1939, loss 0.04816128891089472
Epoch 1940, loss 0.04764876395483002
Epoch 1941, loss 0.04889984561015152
Epoch 1942, loss 0.04778952588737031
Epoch 1943, loss 0.04883051833085003
Epoch 1944, loss 0.04864270959211858
Epoch 1945, loss 0.04905736440802423
Epoch 1946, loss 0.04898707564067735
Epoch 1947, loss 0.04948288021941688
Epoch 1948, loss 0.04823219498115744
Epoch 1949, loss 0.048788805545912695
Epoch 1950, loss 0.0490612115615401
Epoch 1951, loss 0.048313169544306284
Epoch 1952, loss 0.04910147270543283
Epoch 1953, loss 0.04861465464568286
Epoch 1954, loss 0.048544735800769415
Epoch 1955, loss 0.04843793202611677
Epoch 1956, loss 0.048560167950824205
Epoch 1957, loss 0.04811958275767858
Epoch 1958, loss 0.048598404797264474
Epoch 1959, loss 0.04847371481670673
Epoch 1960, loss 0.0486543859426673
Epoch 1961, loss 0.048691398836265
Epoch 1962, loss 0.04901297289243219
Epoch 1963, loss 0.04805780285760386
Epoch 1964, loss 0.04889900822249048
Epoch 1965, loss 0.04826600774096132
Epoch 1966, loss 0.048784803025905335
Epoch 1967, loss 0.04877037792206097
Epoch 1968, loss 0.04853758483038835
Epoch 1969, loss 0.04961735925621079
Epoch 1970, loss 0.04821073902030991
Epoch 1971, loss 0.04902090310022553
Epoch 1972, loss 0.0487646203127243
Epoch 1973, loss 0.048537073036966506
Epoch 1974, loss 0.048709990746219956
Epoch 1975, loss 0.049111796215282416
Epoch 1976, loss 0.04915780217494242
Epoch 1977, loss 0.04859470832101478
Epoch 1978, loss 0.04849754037467359
Epoch 1979, loss 0.048903854502081456
Epoch 1980, loss 0.048301990208759166
Epoch 1981, loss 0.04916153134889879
Epoch 1982, loss 0.048794742424141765
Epoch 1983, loss 0.048756681842384214
Epoch 1984, loss 0.04895477295200047
Epoch 1985, loss 0.04941159061378332
Epoch 1986, loss 0.048895117693163695
Epoch 1987, loss 0.04909403463574706
Epoch 1988, loss 0.04916632506015194
Epoch 1989, loss 0.048806307368563354
Epoch 1990, loss 0.04882060418662917
Epoch 1991, loss 0.04858291032611996
Epoch 1992, loss 0.04837938097718203
Epoch 1993, loss 0.048832895936794185
Epoch 1994, loss 0.04825274875129015
Epoch 1995, loss 0.04926603594300083
Epoch 1996, loss 0.04849823319932933
Epoch 1997, loss 0.0489675957817304
Epoch 1998, loss 0.0489361796014762
Epoch 1999, loss 0.0485142890269601
Epoch 2000, loss 0.048735498230847676
	Saved ./examples/output/buddy\epoch_02000.png
Epoch 2001, loss 0.0487021933777147
	Saved ./examples/output/buddy\epoch_02001.png
Training complete.
Done!
